<?xml version="1.0" encoding="UTF-8"?>
<testsuites name="TS01 Search By Keyword" time="57.48" tests="6" failures="0" errors="0">
   <testsuite name="TS01 Search By Keyword" tests="6" failures="0" errors="0" time="57.48" skipped="0" timestamp="16-01-2024T15:23:36" hostname="Administrator - 10.53.16.220" id="Test Suites/TS01 Search By Keyword">
      <properties>
         <property name="deviceName" value=""/>
         <property name="devicePlatform" value=""/>
         <property name="logFolder" value="C:\\Users\\Administrator\\Katalon Studio\\My First Web UI Project\\Reports\\25670116_152328\\TS01 Search By Keyword\\25670116_152329"/>
         <property name="logFiles" value="C:\\Users\\Administrator\\Katalon Studio\\My First Web UI Project\\Reports\\25670116_152328\\TS01 Search By Keyword\\25670116_152329\\execution0.log"/>
         <property name="attachments" value=""/>
         <property name="hostName" value="Administrator - 10.53.16.220"/>
         <property name="os" value="Windows 10 64bit"/>
         <property name="katalonVersion" value="9.2.0.212"/>
         <property name="browser" value="Edge Chromium 120"/>
         <property name="hostAddress" value="10.53.16.220"/>
         <property name="sessionId" value="4ab8f6143542f8ecd4da8a549a44de89"/>
         <property name="seleniumVersion" value="3.141.59"/>
         <property name="proxyInformation" value="ProxyInformation { proxyOption=NO_PROXY, proxyServerType=HTTP, username=, password=********, proxyServerAddress=, proxyServerPort=0, executionList=&quot;&quot;, isApplyToDesiredCapabilities=true }"/>
         <property name="platform" value="Windows 10"/>
      </properties>
      <testcase name="Test Cases/UC01-017/TC03 Search By Keyword - KRU" time="10.81" classname="Test Cases/UC01-017/TC03 Search By Keyword - KRU" status="PASSED">
         <system-out><![CDATA[16-01-2024T15:23:36 - [TEST_CASE][PASSED] - Test Cases/UC01-017/TC03 Search By Keyword - KRU: Test Cases/UC01-017/TC03 Search By Keyword - KRU

16-01-2024T15:23:36 - [TEST_STEP][PASSED] - openBrowser(""): Browser is opened with url: ''

16-01-2024T15:23:36 - [MESSAGE][INFO] - Starting 'Edge Chromium' driver

16-01-2024T15:23:37 - [MESSAGE][INFO] - Action delay is set to 0 milliseconds

16-01-2024T15:23:37 - [MESSAGE][PASSED] - Browser is opened with url: ''

16-01-2024T15:23:37 - [TEST_STEP][PASSED] - navigateToUrl("https://www.yahoo.com/"): Navigate to 'https://www.yahoo.com/' successfully

16-01-2024T15:23:41 - [MESSAGE][PASSED] - Navigate to 'https://www.yahoo.com/' successfully

16-01-2024T15:23:41 - [TEST_STEP][PASSED] - click(findTestObject("Object Repository/Page_Yahoo  Mail, Weather, Search, Politics_802e32/input_p")): Object: 'Object Repository/Page_Yahoo  Mail, Weather, Search, Politics_802e32/input_p' is clicked on

16-01-2024T15:23:42 - [MESSAGE][PASSED] - Object: 'Object Repository/Page_Yahoo  Mail, Weather, Search, Politics_802e32/input_p' is clicked on

16-01-2024T15:23:42 - [TEST_STEP][PASSED] - setText(findTestObject("Object Repository/Page_Yahoo  Mail, Weather, Search, Politics_802e32/input_p"), "KRU"): Text 'KRU' is set on object 'Object Repository/Page_Yahoo  Mail, Weather, Search, Politics_802e32/input_p'

16-01-2024T15:23:44 - [MESSAGE][PASSED] - Text 'KRU' is set on object 'Object Repository/Page_Yahoo  Mail, Weather, Search, Politics_802e32/input_p'

16-01-2024T15:23:44 - [TEST_STEP][PASSED] - doubleClick(findTestObject("Object Repository/Page_Yahoo  Mail, Weather, Search, Politics_802e32/buttonybar-search")): Object: 'Object Repository/Page_Yahoo  Mail, Weather, Search, Politics_802e32/buttonybar-search' is double clicked on

16-01-2024T15:23:44 - [MESSAGE][PASSED] - Object: 'Object Repository/Page_Yahoo  Mail, Weather, Search, Politics_802e32/buttonybar-search' is double clicked on

16-01-2024T15:23:44 - [TEST_STEP][PASSED] - click(findTestObject("Object Repository/Page_KRU - Yahoo Search Results/a_www.krurestaurant.comKru Contemporary Jap_3946b9")): Object: 'Object Repository/Page_KRU - Yahoo Search Results/a_www.krurestaurant.comKru Contemporary Jap_3946b9' is clicked on

16-01-2024T15:23:47 - [MESSAGE][PASSED] - Object: 'Object Repository/Page_KRU - Yahoo Search Results/a_www.krurestaurant.comKru Contemporary Jap_3946b9' is clicked on

16-01-2024T15:23:47 - [TEST_STEP][PASSED] - closeBrowser(): Browser is closed

16-01-2024T15:23:47 - [MESSAGE][PASSED] - Browser is closed]]></system-out>
         <system-err><![CDATA[]]></system-err>
      </testcase>
      <testcase name="Test Cases/UC01-017/TC02 Search By Keyword - NPRU" time="6.293" classname="Test Cases/UC01-017/TC02 Search By Keyword - NPRU" status="PASSED">
         <system-out><![CDATA[16-01-2024T15:23:47 - [TEST_CASE][PASSED] - Test Cases/UC01-017/TC02 Search By Keyword - NPRU: Test Cases/UC01-017/TC02 Search By Keyword - NPRU

16-01-2024T15:23:47 - [TEST_STEP][PASSED] - openBrowser(""): Browser is opened with url: ''

16-01-2024T15:23:47 - [MESSAGE][INFO] - Starting 'Edge Chromium' driver

16-01-2024T15:23:47 - [MESSAGE][INFO] - Action delay is set to 0 milliseconds

16-01-2024T15:23:47 - [MESSAGE][PASSED] - Browser is opened with url: ''

16-01-2024T15:23:47 - [TEST_STEP][PASSED] - navigateToUrl("https://www.google.com/"): Navigate to 'https://www.google.com/' successfully

16-01-2024T15:23:48 - [MESSAGE][PASSED] - Navigate to 'https://www.google.com/' successfully

16-01-2024T15:23:48 - [TEST_STEP][PASSED] - setText(findTestObject("Object Repository/Page_Google/textarea_q"), "npru"): Text 'npru' is set on object 'Object Repository/Page_Google/textarea_q'

16-01-2024T15:23:49 - [MESSAGE][PASSED] - Text 'npru' is set on object 'Object Repository/Page_Google/textarea_q'

16-01-2024T15:23:49 - [TEST_STEP][PASSED] - click(findTestObject("Object Repository/Page_Google/span_NPRU")): Object: 'Object Repository/Page_Google/span_NPRU' is clicked on

16-01-2024T15:23:50 - [MESSAGE][PASSED] - Object: 'Object Repository/Page_Google/span_NPRU' is clicked on

16-01-2024T15:23:50 - [TEST_STEP][PASSED] - click(findTestObject("Object Repository/Page_npru -  Google/h3_Nakhon Pathom Rajabhat")): Object: 'Object Repository/Page_npru -  Google/h3_Nakhon Pathom Rajabhat' is clicked on

16-01-2024T15:23:53 - [MESSAGE][PASSED] - Object: 'Object Repository/Page_npru -  Google/h3_Nakhon Pathom Rajabhat' is clicked on

16-01-2024T15:23:53 - [TEST_STEP][PASSED] - closeBrowser(): Browser is closed

16-01-2024T15:23:53 - [MESSAGE][PASSED] - Browser is closed]]></system-out>
         <system-err><![CDATA[]]></system-err>
      </testcase>
      <testcase name="Test Cases/UC01-017/TC01 Search By Keyword - PBRU" time="12.147" classname="Test Cases/UC01-017/TC01 Search By Keyword - PBRU" status="PASSED">
         <system-out><![CDATA[16-01-2024T15:23:53 - [TEST_CASE][PASSED] - Test Cases/UC01-017/TC01 Search By Keyword - PBRU: Test Cases/UC01-017/TC01 Search By Keyword - PBRU

16-01-2024T15:23:53 - [TEST_STEP][PASSED] - openBrowser(""): Browser is opened with url: ''

16-01-2024T15:23:53 - [MESSAGE][INFO] - Starting 'Edge Chromium' driver

16-01-2024T15:23:53 - [MESSAGE][INFO] - Action delay is set to 0 milliseconds

16-01-2024T15:23:54 - [MESSAGE][PASSED] - Browser is opened with url: ''

16-01-2024T15:23:54 - [TEST_STEP][PASSED] - navigateToUrl("https://www.google.com/"): Navigate to 'https://www.google.com/' successfully

16-01-2024T15:23:55 - [MESSAGE][PASSED] - Navigate to 'https://www.google.com/' successfully

16-01-2024T15:23:55 - [TEST_STEP][PASSED] - setText(findTestObject("Object Repository/Page_Google/textarea_q"), "Yahoo"): Text 'Yahoo' is set on object 'Object Repository/Page_Google/textarea_q'

16-01-2024T15:23:55 - [MESSAGE][PASSED] - Text 'Yahoo' is set on object 'Object Repository/Page_Google/textarea_q'

16-01-2024T15:23:55 - [TEST_STEP][PASSED] - click(findTestObject("Object Repository/Page_Google/span_Yahoo")): Object: 'Object Repository/Page_Google/span_Yahoo' is clicked on

16-01-2024T15:23:56 - [MESSAGE][PASSED] - Object: 'Object Repository/Page_Google/span_Yahoo' is clicked on

16-01-2024T15:23:56 - [TEST_STEP][PASSED] - click(findTestObject("Object Repository/Page_yahoo -  Google/h3_Yahoo  Mail, Weather, Search, Politics, _aabfff")): Object: 'Object Repository/Page_yahoo -  Google/h3_Yahoo  Mail, Weather, Search, Politics, _aabfff' is clicked on

16-01-2024T15:23:59 - [MESSAGE][PASSED] - Object: 'Object Repository/Page_yahoo -  Google/h3_Yahoo  Mail, Weather, Search, Politics, _aabfff' is clicked on

16-01-2024T15:23:59 - [TEST_STEP][PASSED] - setText(findTestObject("Object Repository/Page_Yahoo  Mail, Weather, Search, Politics_802e32/input_p"), "PBRU"): Text 'PBRU' is set on object 'Object Repository/Page_Yahoo  Mail, Weather, Search, Politics_802e32/input_p'

16-01-2024T15:24:02 - [MESSAGE][PASSED] - Text 'PBRU' is set on object 'Object Repository/Page_Yahoo  Mail, Weather, Search, Politics_802e32/input_p'

16-01-2024T15:24:02 - [TEST_STEP][PASSED] - click(findTestObject("Object Repository/Page_Yahoo  Mail, Weather, Search, Politics_802e32/buttonybar-search")): Object: 'Object Repository/Page_Yahoo  Mail, Weather, Search, Politics_802e32/buttonybar-search' is clicked on

16-01-2024T15:24:03 - [MESSAGE][PASSED] - Object: 'Object Repository/Page_Yahoo  Mail, Weather, Search, Politics_802e32/buttonybar-search' is clicked on

16-01-2024T15:24:03 - [TEST_STEP][PASSED] - click(findTestObject("Object Repository/Page_PBRU - Yahoo Search Results/a_reg.pbru.ac.th  register")): Object: 'Object Repository/Page_PBRU - Yahoo Search Results/a_reg.pbru.ac.th  register' is clicked on

16-01-2024T15:24:05 - [MESSAGE][PASSED] - Object: 'Object Repository/Page_PBRU - Yahoo Search Results/a_reg.pbru.ac.th  register' is clicked on

16-01-2024T15:24:05 - [TEST_STEP][PASSED] - closeBrowser(): Browser is closed

16-01-2024T15:24:05 - [MESSAGE][PASSED] - Browser is closed]]></system-out>
         <system-err><![CDATA[]]></system-err>
      </testcase>
      <testcase name="Test Cases/UC02-017/TC01 Search By Keyword - PBRU" time="12.372" classname="Test Cases/UC02-017/TC01 Search By Keyword - PBRU" status="PASSED">
         <system-out><![CDATA[16-01-2024T15:24:05 - [TEST_CASE][PASSED] - Test Cases/UC02-017/TC01 Search By Keyword - PBRU: Test Cases/UC02-017/TC01 Search By Keyword - PBRU

16-01-2024T15:24:05 - [TEST_STEP][PASSED] - openBrowser(""): Browser is opened with url: ''

16-01-2024T15:24:05 - [MESSAGE][INFO] - Starting 'Edge Chromium' driver

16-01-2024T15:24:05 - [MESSAGE][INFO] - Action delay is set to 0 milliseconds

16-01-2024T15:24:06 - [MESSAGE][PASSED] - Browser is opened with url: ''

16-01-2024T15:24:06 - [TEST_STEP][PASSED] - navigateToUrl("https://www.google.com/"): Navigate to 'https://www.google.com/' successfully

16-01-2024T15:24:07 - [MESSAGE][PASSED] - Navigate to 'https://www.google.com/' successfully

16-01-2024T15:24:07 - [TEST_STEP][PASSED] - setText(findTestObject("Object Repository/Page_Google/textarea_q"), "Yahoo"): Text 'Yahoo' is set on object 'Object Repository/Page_Google/textarea_q'

16-01-2024T15:24:07 - [MESSAGE][PASSED] - Text 'Yahoo' is set on object 'Object Repository/Page_Google/textarea_q'

16-01-2024T15:24:07 - [TEST_STEP][PASSED] - click(findTestObject("Object Repository/Page_Google/span_Yahoo")): Object: 'Object Repository/Page_Google/span_Yahoo' is clicked on

16-01-2024T15:24:08 - [MESSAGE][PASSED] - Object: 'Object Repository/Page_Google/span_Yahoo' is clicked on

16-01-2024T15:24:08 - [TEST_STEP][PASSED] - click(findTestObject("Object Repository/Page_yahoo -  Google/h3_Yahoo  Mail, Weather, Search, Politics, _aabfff")): Object: 'Object Repository/Page_yahoo -  Google/h3_Yahoo  Mail, Weather, Search, Politics, _aabfff' is clicked on

16-01-2024T15:24:13 - [MESSAGE][PASSED] - Object: 'Object Repository/Page_yahoo -  Google/h3_Yahoo  Mail, Weather, Search, Politics, _aabfff' is clicked on

16-01-2024T15:24:13 - [TEST_STEP][PASSED] - setText(findTestObject("Object Repository/Page_Yahoo  Mail, Weather, Search, Politics_802e32/input_p"), "PBRU"): Text 'PBRU' is set on object 'Object Repository/Page_Yahoo  Mail, Weather, Search, Politics_802e32/input_p'

16-01-2024T15:24:14 - [MESSAGE][PASSED] - Text 'PBRU' is set on object 'Object Repository/Page_Yahoo  Mail, Weather, Search, Politics_802e32/input_p'

16-01-2024T15:24:14 - [TEST_STEP][PASSED] - click(findTestObject("Object Repository/Page_Yahoo  Mail, Weather, Search, Politics_802e32/buttonybar-search")): Object: 'Object Repository/Page_Yahoo  Mail, Weather, Search, Politics_802e32/buttonybar-search' is clicked on

16-01-2024T15:24:15 - [MESSAGE][PASSED] - Object: 'Object Repository/Page_Yahoo  Mail, Weather, Search, Politics_802e32/buttonybar-search' is clicked on

16-01-2024T15:24:15 - [TEST_STEP][PASSED] - click(findTestObject("Object Repository/Page_PBRU - Yahoo Search Results/a_reg.pbru.ac.th  register")): Object: 'Object Repository/Page_PBRU - Yahoo Search Results/a_reg.pbru.ac.th  register' is clicked on

16-01-2024T15:24:17 - [MESSAGE][PASSED] - Object: 'Object Repository/Page_PBRU - Yahoo Search Results/a_reg.pbru.ac.th  register' is clicked on

16-01-2024T15:24:17 - [TEST_STEP][PASSED] - closeBrowser(): Browser is closed

16-01-2024T15:24:18 - [MESSAGE][PASSED] - Browser is closed]]></system-out>
         <system-err><![CDATA[]]></system-err>
      </testcase>
      <testcase name="Test Cases/UC02-017/TC02 Search By Keyword - NPRU" time="6.341" classname="Test Cases/UC02-017/TC02 Search By Keyword - NPRU" status="PASSED">
         <system-out><![CDATA[16-01-2024T15:24:18 - [TEST_CASE][PASSED] - Test Cases/UC02-017/TC02 Search By Keyword - NPRU: Test Cases/UC02-017/TC02 Search By Keyword - NPRU

16-01-2024T15:24:18 - [TEST_STEP][PASSED] - openBrowser(""): Browser is opened with url: ''

16-01-2024T15:24:18 - [MESSAGE][INFO] - Starting 'Edge Chromium' driver

16-01-2024T15:24:18 - [MESSAGE][INFO] - Action delay is set to 0 milliseconds

16-01-2024T15:24:18 - [MESSAGE][PASSED] - Browser is opened with url: ''

16-01-2024T15:24:18 - [TEST_STEP][PASSED] - navigateToUrl("https://www.google.com/"): Navigate to 'https://www.google.com/' successfully

16-01-2024T15:24:19 - [MESSAGE][PASSED] - Navigate to 'https://www.google.com/' successfully

16-01-2024T15:24:19 - [TEST_STEP][PASSED] - setText(findTestObject("Object Repository/Page_Google/textarea_q"), "npru"): Text 'npru' is set on object 'Object Repository/Page_Google/textarea_q'

16-01-2024T15:24:20 - [MESSAGE][PASSED] - Text 'npru' is set on object 'Object Repository/Page_Google/textarea_q'

16-01-2024T15:24:20 - [TEST_STEP][PASSED] - click(findTestObject("Object Repository/Page_Google/span_NPRU")): Object: 'Object Repository/Page_Google/span_NPRU' is clicked on

16-01-2024T15:24:21 - [MESSAGE][PASSED] - Object: 'Object Repository/Page_Google/span_NPRU' is clicked on

16-01-2024T15:24:21 - [TEST_STEP][PASSED] - click(findTestObject("Object Repository/Page_npru -  Google/h3_Nakhon Pathom Rajabhat")): Object: 'Object Repository/Page_npru -  Google/h3_Nakhon Pathom Rajabhat' is clicked on

16-01-2024T15:24:24 - [MESSAGE][PASSED] - Object: 'Object Repository/Page_npru -  Google/h3_Nakhon Pathom Rajabhat' is clicked on

16-01-2024T15:24:24 - [TEST_STEP][PASSED] - closeBrowser(): Browser is closed

16-01-2024T15:24:24 - [MESSAGE][PASSED] - Browser is closed]]></system-out>
         <system-err><![CDATA[]]></system-err>
      </testcase>
      <testcase name="Test Cases/UC02-017/TC03 Search By Keyword - KRU" time="9.384" classname="Test Cases/UC02-017/TC03 Search By Keyword - KRU" status="PASSED">
         <system-out><![CDATA[16-01-2024T15:24:24 - [TEST_CASE][PASSED] - Test Cases/UC02-017/TC03 Search By Keyword - KRU: Test Cases/UC02-017/TC03 Search By Keyword - KRU

16-01-2024T15:24:24 - [TEST_STEP][PASSED] - openBrowser(""): Browser is opened with url: ''

16-01-2024T15:24:24 - [MESSAGE][INFO] - Starting 'Edge Chromium' driver

16-01-2024T15:24:24 - [MESSAGE][INFO] - Action delay is set to 0 milliseconds

16-01-2024T15:24:25 - [MESSAGE][PASSED] - Browser is opened with url: ''

16-01-2024T15:24:25 - [TEST_STEP][PASSED] - navigateToUrl("https://www.yahoo.com/"): Navigate to 'https://www.yahoo.com/' successfully

16-01-2024T15:24:28 - [MESSAGE][PASSED] - Navigate to 'https://www.yahoo.com/' successfully

16-01-2024T15:24:28 - [TEST_STEP][PASSED] - click(findTestObject("Object Repository/Page_Yahoo  Mail, Weather, Search, Politics_802e32/input_p")): Object: 'Object Repository/Page_Yahoo  Mail, Weather, Search, Politics_802e32/input_p' is clicked on

16-01-2024T15:24:29 - [MESSAGE][PASSED] - Object: 'Object Repository/Page_Yahoo  Mail, Weather, Search, Politics_802e32/input_p' is clicked on

16-01-2024T15:24:29 - [TEST_STEP][PASSED] - setText(findTestObject("Object Repository/Page_Yahoo  Mail, Weather, Search, Politics_802e32/input_p"), "KRU"): Text 'KRU' is set on object 'Object Repository/Page_Yahoo  Mail, Weather, Search, Politics_802e32/input_p'

16-01-2024T15:24:30 - [MESSAGE][PASSED] - Text 'KRU' is set on object 'Object Repository/Page_Yahoo  Mail, Weather, Search, Politics_802e32/input_p'

16-01-2024T15:24:30 - [TEST_STEP][PASSED] - doubleClick(findTestObject("Object Repository/Page_Yahoo  Mail, Weather, Search, Politics_802e32/buttonybar-search")): Object: 'Object Repository/Page_Yahoo  Mail, Weather, Search, Politics_802e32/buttonybar-search' is double clicked on

16-01-2024T15:24:31 - [MESSAGE][PASSED] - Object: 'Object Repository/Page_Yahoo  Mail, Weather, Search, Politics_802e32/buttonybar-search' is double clicked on

16-01-2024T15:24:31 - [TEST_STEP][PASSED] - click(findTestObject("Object Repository/Page_KRU - Yahoo Search Results/a_www.krurestaurant.comKru Contemporary Jap_3946b9")): Object: 'Object Repository/Page_KRU - Yahoo Search Results/a_www.krurestaurant.comKru Contemporary Jap_3946b9' is clicked on

16-01-2024T15:24:33 - [MESSAGE][PASSED] - Object: 'Object Repository/Page_KRU - Yahoo Search Results/a_www.krurestaurant.comKru Contemporary Jap_3946b9' is clicked on

16-01-2024T15:24:33 - [TEST_STEP][PASSED] - closeBrowser(): Browser is closed

16-01-2024T15:24:33 - [MESSAGE][PASSED] - Browser is closed]]></system-out>
         <system-err><![CDATA[]]></system-err>
      </testcase>
      <system-out><![CDATA[16-01-2024T15:23:36 - [TEST_SUITE][PASSED] - TS01 Search By Keyword: Test Cases/UC02-017/TC03 Search By Keyword - KRU]]></system-out>
      <system-err><![CDATA[]]></system-err>
   </testsuite>
</testsuites>
