<?xml version="1.0" encoding="UTF-8"?>
<testsuites name="TSC01" time="118.263" tests="12" failures="0" errors="0">
   <testsuite name="TS01 Search By Keyword" tests="6" failures="0" errors="0" time="71.975" skipped="0" timestamp="16-01-2024T15:31:23" hostname="Administrator - 10.53.16.220" id="Test Suites/TS01 Search By Keyword">
      <properties>
         <property name="deviceName" value=""/>
         <property name="devicePlatform" value=""/>
         <property name="logFolder" value="C:\\Users\\Administrator\\Katalon Studio\\My First Web UI Project\\Reports\\25670116_153113\\TS01 Search By Keyword\\25670116_153114"/>
         <property name="logFiles" value="C:\\Users\\Administrator\\Katalon Studio\\My First Web UI Project\\Reports\\25670116_153113\\TS01 Search By Keyword\\25670116_153114\\execution0.log"/>
         <property name="attachments" value=""/>
         <property name="hostName" value="Administrator - 10.53.16.220"/>
         <property name="os" value="Windows 10 64bit"/>
         <property name="katalonVersion" value="9.2.0.212"/>
         <property name="browser" value="Edge Chromium 120"/>
         <property name="hostAddress" value="10.53.16.220"/>
         <property name="sessionId" value="0b14a700439f04812ffd080e6bd843e2"/>
         <property name="seleniumVersion" value="3.141.59"/>
         <property name="proxyInformation" value="ProxyInformation { proxyOption=NO_PROXY, proxyServerType=HTTP, username=, password=********, proxyServerAddress=, proxyServerPort=0, executionList=&quot;&quot;, isApplyToDesiredCapabilities=true }"/>
         <property name="platform" value="Windows 10"/>
      </properties>
      <testcase name="Test Cases/UC01-017/TC03 Search By Keyword - KRU" time="11.192" classname="Test Cases/UC01-017/TC03 Search By Keyword - KRU" status="PASSED">
         <system-out><![CDATA[16-01-2024T15:31:23 - [TEST_CASE][PASSED] - Test Cases/UC01-017/TC03 Search By Keyword - KRU: Test Cases/UC01-017/TC03 Search By Keyword - KRU

16-01-2024T15:31:24 - [TEST_STEP][PASSED] - openBrowser(""): Browser is opened with url: ''

16-01-2024T15:31:24 - [MESSAGE][INFO] - Starting 'Edge Chromium' driver

16-01-2024T15:31:24 - [MESSAGE][INFO] - Action delay is set to 0 milliseconds

16-01-2024T15:31:25 - [MESSAGE][PASSED] - Browser is opened with url: ''

16-01-2024T15:31:25 - [TEST_STEP][PASSED] - navigateToUrl("https://www.yahoo.com/"): Navigate to 'https://www.yahoo.com/' successfully

16-01-2024T15:31:28 - [MESSAGE][PASSED] - Navigate to 'https://www.yahoo.com/' successfully

16-01-2024T15:31:28 - [TEST_STEP][PASSED] - click(findTestObject("Object Repository/Page_Yahoo  Mail, Weather, Search, Politics_802e32/input_p")): Object: 'Object Repository/Page_Yahoo  Mail, Weather, Search, Politics_802e32/input_p' is clicked on

16-01-2024T15:31:30 - [MESSAGE][PASSED] - Object: 'Object Repository/Page_Yahoo  Mail, Weather, Search, Politics_802e32/input_p' is clicked on

16-01-2024T15:31:30 - [TEST_STEP][PASSED] - setText(findTestObject("Object Repository/Page_Yahoo  Mail, Weather, Search, Politics_802e32/input_p"), "KRU"): Text 'KRU' is set on object 'Object Repository/Page_Yahoo  Mail, Weather, Search, Politics_802e32/input_p'

16-01-2024T15:31:31 - [MESSAGE][PASSED] - Text 'KRU' is set on object 'Object Repository/Page_Yahoo  Mail, Weather, Search, Politics_802e32/input_p'

16-01-2024T15:31:31 - [TEST_STEP][PASSED] - doubleClick(findTestObject("Object Repository/Page_Yahoo  Mail, Weather, Search, Politics_802e32/buttonybar-search")): Object: 'Object Repository/Page_Yahoo  Mail, Weather, Search, Politics_802e32/buttonybar-search' is double clicked on

16-01-2024T15:31:32 - [MESSAGE][PASSED] - Object: 'Object Repository/Page_Yahoo  Mail, Weather, Search, Politics_802e32/buttonybar-search' is double clicked on

16-01-2024T15:31:32 - [TEST_STEP][PASSED] - click(findTestObject("Object Repository/Page_KRU - Yahoo Search Results/a_www.krurestaurant.comKru Contemporary Jap_3946b9")): Object: 'Object Repository/Page_KRU - Yahoo Search Results/a_www.krurestaurant.comKru Contemporary Jap_3946b9' is clicked on

16-01-2024T15:31:34 - [MESSAGE][PASSED] - Object: 'Object Repository/Page_KRU - Yahoo Search Results/a_www.krurestaurant.comKru Contemporary Jap_3946b9' is clicked on

16-01-2024T15:31:34 - [TEST_STEP][PASSED] - closeBrowser(): Browser is closed

16-01-2024T15:31:34 - [MESSAGE][PASSED] - Browser is closed]]></system-out>
         <system-err><![CDATA[]]></system-err>
      </testcase>
      <testcase name="Test Cases/UC01-017/TC02 Search By Keyword - NPRU" time="6.335" classname="Test Cases/UC01-017/TC02 Search By Keyword - NPRU" status="PASSED">
         <system-out><![CDATA[16-01-2024T15:31:34 - [TEST_CASE][PASSED] - Test Cases/UC01-017/TC02 Search By Keyword - NPRU: Test Cases/UC01-017/TC02 Search By Keyword - NPRU

16-01-2024T15:31:35 - [TEST_STEP][PASSED] - openBrowser(""): Browser is opened with url: ''

16-01-2024T15:31:35 - [MESSAGE][INFO] - Starting 'Edge Chromium' driver

16-01-2024T15:31:35 - [MESSAGE][INFO] - Action delay is set to 0 milliseconds

16-01-2024T15:31:35 - [MESSAGE][PASSED] - Browser is opened with url: ''

16-01-2024T15:31:35 - [TEST_STEP][PASSED] - navigateToUrl("https://www.google.com/"): Navigate to 'https://www.google.com/' successfully

16-01-2024T15:31:38 - [MESSAGE][PASSED] - Navigate to 'https://www.google.com/' successfully

16-01-2024T15:31:38 - [TEST_STEP][PASSED] - setText(findTestObject("Object Repository/Page_Google/textarea_q"), "npru"): Text 'npru' is set on object 'Object Repository/Page_Google/textarea_q'

16-01-2024T15:31:38 - [MESSAGE][PASSED] - Text 'npru' is set on object 'Object Repository/Page_Google/textarea_q'

16-01-2024T15:31:38 - [TEST_STEP][PASSED] - click(findTestObject("Object Repository/Page_Google/span_NPRU")): Object: 'Object Repository/Page_Google/span_NPRU' is clicked on

16-01-2024T15:31:39 - [MESSAGE][PASSED] - Object: 'Object Repository/Page_Google/span_NPRU' is clicked on

16-01-2024T15:31:39 - [TEST_STEP][PASSED] - click(findTestObject("Object Repository/Page_npru -  Google/h3_Nakhon Pathom Rajabhat")): Object: 'Object Repository/Page_npru -  Google/h3_Nakhon Pathom Rajabhat' is clicked on

16-01-2024T15:31:41 - [MESSAGE][PASSED] - Object: 'Object Repository/Page_npru -  Google/h3_Nakhon Pathom Rajabhat' is clicked on

16-01-2024T15:31:41 - [TEST_STEP][PASSED] - closeBrowser(): Browser is closed

16-01-2024T15:31:41 - [MESSAGE][PASSED] - Browser is closed]]></system-out>
         <system-err><![CDATA[]]></system-err>
      </testcase>
      <testcase name="Test Cases/UC01-017/TC01 Search By Keyword - PBRU" time="12.737" classname="Test Cases/UC01-017/TC01 Search By Keyword - PBRU" status="PASSED">
         <system-out><![CDATA[16-01-2024T15:31:41 - [TEST_CASE][PASSED] - Test Cases/UC01-017/TC01 Search By Keyword - PBRU: Test Cases/UC01-017/TC01 Search By Keyword - PBRU

16-01-2024T15:31:41 - [TEST_STEP][PASSED] - openBrowser(""): Browser is opened with url: ''

16-01-2024T15:31:41 - [MESSAGE][INFO] - Starting 'Edge Chromium' driver

16-01-2024T15:31:41 - [MESSAGE][INFO] - Action delay is set to 0 milliseconds

16-01-2024T15:31:41 - [MESSAGE][PASSED] - Browser is opened with url: ''

16-01-2024T15:31:41 - [TEST_STEP][PASSED] - navigateToUrl("https://www.google.com/"): Navigate to 'https://www.google.com/' successfully

16-01-2024T15:31:42 - [MESSAGE][PASSED] - Navigate to 'https://www.google.com/' successfully

16-01-2024T15:31:42 - [TEST_STEP][PASSED] - setText(findTestObject("Object Repository/Page_Google/textarea_q"), "Yahoo"): Text 'Yahoo' is set on object 'Object Repository/Page_Google/textarea_q'

16-01-2024T15:31:43 - [MESSAGE][PASSED] - Text 'Yahoo' is set on object 'Object Repository/Page_Google/textarea_q'

16-01-2024T15:31:43 - [TEST_STEP][PASSED] - click(findTestObject("Object Repository/Page_Google/span_Yahoo")): Object: 'Object Repository/Page_Google/span_Yahoo' is clicked on

16-01-2024T15:31:44 - [MESSAGE][PASSED] - Object: 'Object Repository/Page_Google/span_Yahoo' is clicked on

16-01-2024T15:31:44 - [TEST_STEP][PASSED] - click(findTestObject("Object Repository/Page_yahoo -  Google/h3_Yahoo  Mail, Weather, Search, Politics, _aabfff")): Object: 'Object Repository/Page_yahoo -  Google/h3_Yahoo  Mail, Weather, Search, Politics, _aabfff' is clicked on

16-01-2024T15:31:48 - [MESSAGE][PASSED] - Object: 'Object Repository/Page_yahoo -  Google/h3_Yahoo  Mail, Weather, Search, Politics, _aabfff' is clicked on

16-01-2024T15:31:48 - [TEST_STEP][PASSED] - setText(findTestObject("Object Repository/Page_Yahoo  Mail, Weather, Search, Politics_802e32/input_p"), "PBRU"): Text 'PBRU' is set on object 'Object Repository/Page_Yahoo  Mail, Weather, Search, Politics_802e32/input_p'

16-01-2024T15:31:50 - [MESSAGE][PASSED] - Text 'PBRU' is set on object 'Object Repository/Page_Yahoo  Mail, Weather, Search, Politics_802e32/input_p'

16-01-2024T15:31:50 - [TEST_STEP][PASSED] - click(findTestObject("Object Repository/Page_Yahoo  Mail, Weather, Search, Politics_802e32/buttonybar-search")): Object: 'Object Repository/Page_Yahoo  Mail, Weather, Search, Politics_802e32/buttonybar-search' is clicked on

16-01-2024T15:31:51 - [MESSAGE][PASSED] - Object: 'Object Repository/Page_Yahoo  Mail, Weather, Search, Politics_802e32/buttonybar-search' is clicked on

16-01-2024T15:31:51 - [TEST_STEP][PASSED] - click(findTestObject("Object Repository/Page_PBRU - Yahoo Search Results/a_reg.pbru.ac.th  register")): Object: 'Object Repository/Page_PBRU - Yahoo Search Results/a_reg.pbru.ac.th  register' is clicked on

16-01-2024T15:31:53 - [MESSAGE][PASSED] - Object: 'Object Repository/Page_PBRU - Yahoo Search Results/a_reg.pbru.ac.th  register' is clicked on

16-01-2024T15:31:53 - [TEST_STEP][PASSED] - closeBrowser(): Browser is closed

16-01-2024T15:31:54 - [MESSAGE][PASSED] - Browser is closed]]></system-out>
         <system-err><![CDATA[]]></system-err>
      </testcase>
      <testcase name="Test Cases/UC02-017/TC01 Search By Keyword - PBRU" time="12.583" classname="Test Cases/UC02-017/TC01 Search By Keyword - PBRU" status="PASSED">
         <system-out><![CDATA[16-01-2024T15:31:54 - [TEST_CASE][PASSED] - Test Cases/UC02-017/TC01 Search By Keyword - PBRU: Test Cases/UC02-017/TC01 Search By Keyword - PBRU

16-01-2024T15:31:54 - [TEST_STEP][PASSED] - openBrowser(""): Browser is opened with url: ''

16-01-2024T15:31:54 - [MESSAGE][INFO] - Starting 'Edge Chromium' driver

16-01-2024T15:31:54 - [MESSAGE][INFO] - Action delay is set to 0 milliseconds

16-01-2024T15:31:54 - [MESSAGE][PASSED] - Browser is opened with url: ''

16-01-2024T15:31:54 - [TEST_STEP][PASSED] - navigateToUrl("https://www.google.com/"): Navigate to 'https://www.google.com/' successfully

16-01-2024T15:31:55 - [MESSAGE][PASSED] - Navigate to 'https://www.google.com/' successfully

16-01-2024T15:31:55 - [TEST_STEP][PASSED] - setText(findTestObject("Object Repository/Page_Google/textarea_q"), "Yahoo"): Text 'Yahoo' is set on object 'Object Repository/Page_Google/textarea_q'

16-01-2024T15:31:56 - [MESSAGE][PASSED] - Text 'Yahoo' is set on object 'Object Repository/Page_Google/textarea_q'

16-01-2024T15:31:56 - [TEST_STEP][PASSED] - click(findTestObject("Object Repository/Page_Google/span_Yahoo")): Object: 'Object Repository/Page_Google/span_Yahoo' is clicked on

16-01-2024T15:31:56 - [MESSAGE][PASSED] - Object: 'Object Repository/Page_Google/span_Yahoo' is clicked on

16-01-2024T15:31:56 - [TEST_STEP][PASSED] - click(findTestObject("Object Repository/Page_yahoo -  Google/h3_Yahoo  Mail, Weather, Search, Politics, _aabfff")): Object: 'Object Repository/Page_yahoo -  Google/h3_Yahoo  Mail, Weather, Search, Politics, _aabfff' is clicked on

16-01-2024T15:32:02 - [MESSAGE][PASSED] - Object: 'Object Repository/Page_yahoo -  Google/h3_Yahoo  Mail, Weather, Search, Politics, _aabfff' is clicked on

16-01-2024T15:32:02 - [TEST_STEP][PASSED] - setText(findTestObject("Object Repository/Page_Yahoo  Mail, Weather, Search, Politics_802e32/input_p"), "PBRU"): Text 'PBRU' is set on object 'Object Repository/Page_Yahoo  Mail, Weather, Search, Politics_802e32/input_p'

16-01-2024T15:32:03 - [MESSAGE][PASSED] - Text 'PBRU' is set on object 'Object Repository/Page_Yahoo  Mail, Weather, Search, Politics_802e32/input_p'

16-01-2024T15:32:03 - [TEST_STEP][PASSED] - click(findTestObject("Object Repository/Page_Yahoo  Mail, Weather, Search, Politics_802e32/buttonybar-search")): Object: 'Object Repository/Page_Yahoo  Mail, Weather, Search, Politics_802e32/buttonybar-search' is clicked on

16-01-2024T15:32:04 - [MESSAGE][PASSED] - Object: 'Object Repository/Page_Yahoo  Mail, Weather, Search, Politics_802e32/buttonybar-search' is clicked on

16-01-2024T15:32:04 - [TEST_STEP][PASSED] - click(findTestObject("Object Repository/Page_PBRU - Yahoo Search Results/a_reg.pbru.ac.th  register")): Object: 'Object Repository/Page_PBRU - Yahoo Search Results/a_reg.pbru.ac.th  register' is clicked on

16-01-2024T15:32:06 - [MESSAGE][PASSED] - Object: 'Object Repository/Page_PBRU - Yahoo Search Results/a_reg.pbru.ac.th  register' is clicked on

16-01-2024T15:32:06 - [TEST_STEP][PASSED] - closeBrowser(): Browser is closed

16-01-2024T15:32:06 - [MESSAGE][PASSED] - Browser is closed]]></system-out>
         <system-err><![CDATA[]]></system-err>
      </testcase>
      <testcase name="Test Cases/UC02-017/TC02 Search By Keyword - NPRU" time="6.032" classname="Test Cases/UC02-017/TC02 Search By Keyword - NPRU" status="PASSED">
         <system-out><![CDATA[16-01-2024T15:32:06 - [TEST_CASE][PASSED] - Test Cases/UC02-017/TC02 Search By Keyword - NPRU: Test Cases/UC02-017/TC02 Search By Keyword - NPRU

16-01-2024T15:32:06 - [TEST_STEP][PASSED] - openBrowser(""): Browser is opened with url: ''

16-01-2024T15:32:06 - [MESSAGE][INFO] - Starting 'Edge Chromium' driver

16-01-2024T15:32:06 - [MESSAGE][INFO] - Action delay is set to 0 milliseconds

16-01-2024T15:32:07 - [MESSAGE][PASSED] - Browser is opened with url: ''

16-01-2024T15:32:07 - [TEST_STEP][PASSED] - navigateToUrl("https://www.google.com/"): Navigate to 'https://www.google.com/' successfully

16-01-2024T15:32:08 - [MESSAGE][PASSED] - Navigate to 'https://www.google.com/' successfully

16-01-2024T15:32:08 - [TEST_STEP][PASSED] - setText(findTestObject("Object Repository/Page_Google/textarea_q"), "npru"): Text 'npru' is set on object 'Object Repository/Page_Google/textarea_q'

16-01-2024T15:32:08 - [MESSAGE][PASSED] - Text 'npru' is set on object 'Object Repository/Page_Google/textarea_q'

16-01-2024T15:32:08 - [TEST_STEP][PASSED] - click(findTestObject("Object Repository/Page_Google/span_NPRU")): Object: 'Object Repository/Page_Google/span_NPRU' is clicked on

16-01-2024T15:32:09 - [MESSAGE][PASSED] - Object: 'Object Repository/Page_Google/span_NPRU' is clicked on

16-01-2024T15:32:09 - [TEST_STEP][PASSED] - click(findTestObject("Object Repository/Page_npru -  Google/h3_Nakhon Pathom Rajabhat")): Object: 'Object Repository/Page_npru -  Google/h3_Nakhon Pathom Rajabhat' is clicked on

16-01-2024T15:32:12 - [MESSAGE][PASSED] - Object: 'Object Repository/Page_npru -  Google/h3_Nakhon Pathom Rajabhat' is clicked on

16-01-2024T15:32:12 - [TEST_STEP][PASSED] - closeBrowser(): Browser is closed

16-01-2024T15:32:12 - [MESSAGE][PASSED] - Browser is closed]]></system-out>
         <system-err><![CDATA[]]></system-err>
      </testcase>
      <testcase name="Test Cases/UC02-017/TC03 Search By Keyword - KRU" time="22.961" classname="Test Cases/UC02-017/TC03 Search By Keyword - KRU" status="PASSED">
         <system-out><![CDATA[16-01-2024T15:32:12 - [TEST_CASE][PASSED] - Test Cases/UC02-017/TC03 Search By Keyword - KRU: Test Cases/UC02-017/TC03 Search By Keyword - KRU

16-01-2024T15:32:12 - [TEST_STEP][PASSED] - openBrowser(""): Browser is opened with url: ''

16-01-2024T15:32:12 - [MESSAGE][INFO] - Starting 'Edge Chromium' driver

16-01-2024T15:32:12 - [MESSAGE][INFO] - Action delay is set to 0 milliseconds

16-01-2024T15:32:13 - [MESSAGE][PASSED] - Browser is opened with url: ''

16-01-2024T15:32:13 - [TEST_STEP][PASSED] - navigateToUrl("https://www.yahoo.com/"): Navigate to 'https://www.yahoo.com/' successfully

16-01-2024T15:32:29 - [MESSAGE][PASSED] - Navigate to 'https://www.yahoo.com/' successfully

16-01-2024T15:32:29 - [TEST_STEP][PASSED] - click(findTestObject("Object Repository/Page_Yahoo  Mail, Weather, Search, Politics_802e32/input_p")): Object: 'Object Repository/Page_Yahoo  Mail, Weather, Search, Politics_802e32/input_p' is clicked on

16-01-2024T15:32:30 - [MESSAGE][PASSED] - Object: 'Object Repository/Page_Yahoo  Mail, Weather, Search, Politics_802e32/input_p' is clicked on

16-01-2024T15:32:30 - [TEST_STEP][PASSED] - setText(findTestObject("Object Repository/Page_Yahoo  Mail, Weather, Search, Politics_802e32/input_p"), "KRU"): Text 'KRU' is set on object 'Object Repository/Page_Yahoo  Mail, Weather, Search, Politics_802e32/input_p'

16-01-2024T15:32:32 - [MESSAGE][PASSED] - Text 'KRU' is set on object 'Object Repository/Page_Yahoo  Mail, Weather, Search, Politics_802e32/input_p'

16-01-2024T15:32:32 - [TEST_STEP][PASSED] - doubleClick(findTestObject("Object Repository/Page_Yahoo  Mail, Weather, Search, Politics_802e32/buttonybar-search")): Object: 'Object Repository/Page_Yahoo  Mail, Weather, Search, Politics_802e32/buttonybar-search' is double clicked on

16-01-2024T15:32:32 - [MESSAGE][PASSED] - Object: 'Object Repository/Page_Yahoo  Mail, Weather, Search, Politics_802e32/buttonybar-search' is double clicked on

16-01-2024T15:32:32 - [TEST_STEP][PASSED] - click(findTestObject("Object Repository/Page_KRU - Yahoo Search Results/a_www.krurestaurant.comKru Contemporary Jap_3946b9")): Object: 'Object Repository/Page_KRU - Yahoo Search Results/a_www.krurestaurant.comKru Contemporary Jap_3946b9' is clicked on

16-01-2024T15:32:35 - [MESSAGE][PASSED] - Object: 'Object Repository/Page_KRU - Yahoo Search Results/a_www.krurestaurant.comKru Contemporary Jap_3946b9' is clicked on

16-01-2024T15:32:35 - [TEST_STEP][PASSED] - closeBrowser(): Browser is closed

16-01-2024T15:32:35 - [MESSAGE][PASSED] - Browser is closed]]></system-out>
         <system-err><![CDATA[]]></system-err>
      </testcase>
      <system-out><![CDATA[16-01-2024T15:31:23 - [TEST_SUITE][PASSED] - TS01 Search By Keyword: Test Cases/UC02-017/TC03 Search By Keyword - KRU]]></system-out>
      <system-err><![CDATA[]]></system-err>
   </testsuite>
   <testsuite name="TS01 Search By Keyword" tests="6" failures="0" errors="0" time="109.906" skipped="0" timestamp="16-01-2024T15:31:27" hostname="Administrator - 10.53.16.220" id="Test Suites/TS01 Search By Keyword">
      <properties>
         <property name="deviceName" value=""/>
         <property name="devicePlatform" value=""/>
         <property name="logFolder" value="C:\\Users\\Administrator\\Katalon Studio\\My First Web UI Project\\Reports\\25670116_153113\\TS01 Search By Keyword\\25670116_153116"/>
         <property name="logFiles" value="C:\\Users\\Administrator\\Katalon Studio\\My First Web UI Project\\Reports\\25670116_153113\\TS01 Search By Keyword\\25670116_153116\\execution0.log"/>
         <property name="attachments" value=""/>
         <property name="hostName" value="Administrator - 10.53.16.220"/>
         <property name="os" value="Windows 10 64bit"/>
         <property name="katalonVersion" value="9.2.0.212"/>
         <property name="browser" value="Chrome 119.0.0.0"/>
         <property name="hostAddress" value="10.53.16.220"/>
         <property name="sessionId" value="dc0d8c89cf9fc253787efca94a4a48d7"/>
         <property name="seleniumVersion" value="3.141.59"/>
         <property name="proxyInformation" value="ProxyInformation { proxyOption=NO_PROXY, proxyServerType=HTTP, username=, password=********, proxyServerAddress=, proxyServerPort=0, executionList=&quot;&quot;, isApplyToDesiredCapabilities=true }"/>
         <property name="platform" value="Windows 10"/>
      </properties>
      <testcase name="Test Cases/UC01-017/TC03 Search By Keyword - KRU" time="10.275" classname="Test Cases/UC01-017/TC03 Search By Keyword - KRU" status="PASSED">
         <system-out><![CDATA[16-01-2024T15:31:27 - [TEST_CASE][PASSED] - Test Cases/UC01-017/TC03 Search By Keyword - KRU: Test Cases/UC01-017/TC03 Search By Keyword - KRU

16-01-2024T15:31:27 - [TEST_STEP][PASSED] - openBrowser(""): Browser is opened with url: ''

16-01-2024T15:31:27 - [MESSAGE][INFO] - Starting 'Chrome' driver

16-01-2024T15:31:27 - [MESSAGE][INFO] - Action delay is set to 0 milliseconds

16-01-2024T15:31:29 - [MESSAGE][PASSED] - Browser is opened with url: ''

16-01-2024T15:31:29 - [TEST_STEP][PASSED] - navigateToUrl("https://www.yahoo.com/"): Navigate to 'https://www.yahoo.com/' successfully

16-01-2024T15:31:31 - [MESSAGE][PASSED] - Navigate to 'https://www.yahoo.com/' successfully

16-01-2024T15:31:31 - [TEST_STEP][PASSED] - click(findTestObject("Object Repository/Page_Yahoo  Mail, Weather, Search, Politics_802e32/input_p")): Object: 'Object Repository/Page_Yahoo  Mail, Weather, Search, Politics_802e32/input_p' is clicked on

16-01-2024T15:31:33 - [MESSAGE][PASSED] - Object: 'Object Repository/Page_Yahoo  Mail, Weather, Search, Politics_802e32/input_p' is clicked on

16-01-2024T15:31:33 - [TEST_STEP][PASSED] - setText(findTestObject("Object Repository/Page_Yahoo  Mail, Weather, Search, Politics_802e32/input_p"), "KRU"): Text 'KRU' is set on object 'Object Repository/Page_Yahoo  Mail, Weather, Search, Politics_802e32/input_p'

16-01-2024T15:31:34 - [MESSAGE][PASSED] - Text 'KRU' is set on object 'Object Repository/Page_Yahoo  Mail, Weather, Search, Politics_802e32/input_p'

16-01-2024T15:31:34 - [TEST_STEP][PASSED] - doubleClick(findTestObject("Object Repository/Page_Yahoo  Mail, Weather, Search, Politics_802e32/buttonybar-search")): Object: 'Object Repository/Page_Yahoo  Mail, Weather, Search, Politics_802e32/buttonybar-search' is double clicked on

16-01-2024T15:31:35 - [MESSAGE][PASSED] - Object: 'Object Repository/Page_Yahoo  Mail, Weather, Search, Politics_802e32/buttonybar-search' is double clicked on

16-01-2024T15:31:35 - [TEST_STEP][PASSED] - click(findTestObject("Object Repository/Page_KRU - Yahoo Search Results/a_www.krurestaurant.comKru Contemporary Jap_3946b9")): Object: 'Object Repository/Page_KRU - Yahoo Search Results/a_www.krurestaurant.comKru Contemporary Jap_3946b9' is clicked on

16-01-2024T15:31:37 - [MESSAGE][PASSED] - Object: 'Object Repository/Page_KRU - Yahoo Search Results/a_www.krurestaurant.comKru Contemporary Jap_3946b9' is clicked on

16-01-2024T15:31:37 - [TEST_STEP][PASSED] - closeBrowser(): Browser is closed

16-01-2024T15:31:37 - [MESSAGE][PASSED] - Browser is closed]]></system-out>
         <system-err><![CDATA[]]></system-err>
      </testcase>
      <testcase name="Test Cases/UC01-017/TC02 Search By Keyword - NPRU" time="6.003" classname="Test Cases/UC01-017/TC02 Search By Keyword - NPRU" status="PASSED">
         <system-out><![CDATA[16-01-2024T15:31:37 - [TEST_CASE][PASSED] - Test Cases/UC01-017/TC02 Search By Keyword - NPRU: Test Cases/UC01-017/TC02 Search By Keyword - NPRU

16-01-2024T15:31:37 - [TEST_STEP][PASSED] - openBrowser(""): Browser is opened with url: ''

16-01-2024T15:31:37 - [MESSAGE][INFO] - Starting 'Chrome' driver

16-01-2024T15:31:37 - [MESSAGE][INFO] - Action delay is set to 0 milliseconds

16-01-2024T15:31:38 - [MESSAGE][PASSED] - Browser is opened with url: ''

16-01-2024T15:31:38 - [TEST_STEP][PASSED] - navigateToUrl("https://www.google.com/"): Navigate to 'https://www.google.com/' successfully

16-01-2024T15:31:38 - [MESSAGE][PASSED] - Navigate to 'https://www.google.com/' successfully

16-01-2024T15:31:38 - [TEST_STEP][PASSED] - setText(findTestObject("Object Repository/Page_Google/textarea_q"), "npru"): Text 'npru' is set on object 'Object Repository/Page_Google/textarea_q'

16-01-2024T15:31:39 - [MESSAGE][PASSED] - Text 'npru' is set on object 'Object Repository/Page_Google/textarea_q'

16-01-2024T15:31:39 - [TEST_STEP][PASSED] - click(findTestObject("Object Repository/Page_Google/span_NPRU")): Object: 'Object Repository/Page_Google/span_NPRU' is clicked on

16-01-2024T15:31:40 - [MESSAGE][PASSED] - Object: 'Object Repository/Page_Google/span_NPRU' is clicked on

16-01-2024T15:31:40 - [TEST_STEP][PASSED] - click(findTestObject("Object Repository/Page_npru -  Google/h3_Nakhon Pathom Rajabhat")): Object: 'Object Repository/Page_npru -  Google/h3_Nakhon Pathom Rajabhat' is clicked on

16-01-2024T15:31:43 - [MESSAGE][PASSED] - Object: 'Object Repository/Page_npru -  Google/h3_Nakhon Pathom Rajabhat' is clicked on

16-01-2024T15:31:43 - [TEST_STEP][PASSED] - closeBrowser(): Browser is closed

16-01-2024T15:31:43 - [MESSAGE][PASSED] - Browser is closed]]></system-out>
         <system-err><![CDATA[]]></system-err>
      </testcase>
      <testcase name="Test Cases/UC01-017/TC01 Search By Keyword - PBRU" time="34.864" classname="Test Cases/UC01-017/TC01 Search By Keyword - PBRU" status="PASSED">
         <system-out><![CDATA[16-01-2024T15:31:43 - [TEST_CASE][PASSED] - Test Cases/UC01-017/TC01 Search By Keyword - PBRU: Test Cases/UC01-017/TC01 Search By Keyword - PBRU

16-01-2024T15:31:43 - [TEST_STEP][PASSED] - openBrowser(""): Browser is opened with url: ''

16-01-2024T15:31:43 - [MESSAGE][INFO] - Starting 'Chrome' driver

16-01-2024T15:31:43 - [MESSAGE][INFO] - Action delay is set to 0 milliseconds

16-01-2024T15:31:44 - [MESSAGE][PASSED] - Browser is opened with url: ''

16-01-2024T15:31:44 - [TEST_STEP][PASSED] - navigateToUrl("https://www.google.com/"): Navigate to 'https://www.google.com/' successfully

16-01-2024T15:31:47 - [MESSAGE][PASSED] - Navigate to 'https://www.google.com/' successfully

16-01-2024T15:31:47 - [TEST_STEP][PASSED] - setText(findTestObject("Object Repository/Page_Google/textarea_q"), "Yahoo"): Text 'Yahoo' is set on object 'Object Repository/Page_Google/textarea_q'

16-01-2024T15:31:47 - [MESSAGE][PASSED] - Text 'Yahoo' is set on object 'Object Repository/Page_Google/textarea_q'

16-01-2024T15:31:47 - [TEST_STEP][PASSED] - click(findTestObject("Object Repository/Page_Google/span_Yahoo")): Object: 'Object Repository/Page_Google/span_Yahoo' is clicked on

16-01-2024T15:31:48 - [MESSAGE][PASSED] - Object: 'Object Repository/Page_Google/span_Yahoo' is clicked on

16-01-2024T15:31:48 - [TEST_STEP][PASSED] - click(findTestObject("Object Repository/Page_yahoo -  Google/h3_Yahoo  Mail, Weather, Search, Politics, _aabfff")): Object: 'Object Repository/Page_yahoo -  Google/h3_Yahoo  Mail, Weather, Search, Politics, _aabfff' is clicked on

16-01-2024T15:32:14 - [MESSAGE][PASSED] - Object: 'Object Repository/Page_yahoo -  Google/h3_Yahoo  Mail, Weather, Search, Politics, _aabfff' is clicked on

16-01-2024T15:32:14 - [TEST_STEP][PASSED] - setText(findTestObject("Object Repository/Page_Yahoo  Mail, Weather, Search, Politics_802e32/input_p"), "PBRU"): Text 'PBRU' is set on object 'Object Repository/Page_Yahoo  Mail, Weather, Search, Politics_802e32/input_p'

16-01-2024T15:32:15 - [MESSAGE][PASSED] - Text 'PBRU' is set on object 'Object Repository/Page_Yahoo  Mail, Weather, Search, Politics_802e32/input_p'

16-01-2024T15:32:15 - [TEST_STEP][PASSED] - click(findTestObject("Object Repository/Page_Yahoo  Mail, Weather, Search, Politics_802e32/buttonybar-search")): Object: 'Object Repository/Page_Yahoo  Mail, Weather, Search, Politics_802e32/buttonybar-search' is clicked on

16-01-2024T15:32:15 - [MESSAGE][PASSED] - Object: 'Object Repository/Page_Yahoo  Mail, Weather, Search, Politics_802e32/buttonybar-search' is clicked on

16-01-2024T15:32:15 - [TEST_STEP][PASSED] - click(findTestObject("Object Repository/Page_PBRU - Yahoo Search Results/a_reg.pbru.ac.th  register")): Object: 'Object Repository/Page_PBRU - Yahoo Search Results/a_reg.pbru.ac.th  register' is clicked on

16-01-2024T15:32:18 - [MESSAGE][PASSED] - Object: 'Object Repository/Page_PBRU - Yahoo Search Results/a_reg.pbru.ac.th  register' is clicked on

16-01-2024T15:32:18 - [TEST_STEP][PASSED] - closeBrowser(): Browser is closed

16-01-2024T15:32:18 - [MESSAGE][PASSED] - Browser is closed]]></system-out>
         <system-err><![CDATA[]]></system-err>
      </testcase>
      <testcase name="Test Cases/UC02-017/TC01 Search By Keyword - PBRU" time="22.674" classname="Test Cases/UC02-017/TC01 Search By Keyword - PBRU" status="PASSED">
         <system-out><![CDATA[16-01-2024T15:32:18 - [TEST_CASE][PASSED] - Test Cases/UC02-017/TC01 Search By Keyword - PBRU: Test Cases/UC02-017/TC01 Search By Keyword - PBRU

16-01-2024T15:32:18 - [TEST_STEP][PASSED] - openBrowser(""): Browser is opened with url: ''

16-01-2024T15:32:18 - [MESSAGE][INFO] - Starting 'Chrome' driver

16-01-2024T15:32:18 - [MESSAGE][INFO] - Action delay is set to 0 milliseconds

16-01-2024T15:32:18 - [MESSAGE][PASSED] - Browser is opened with url: ''

16-01-2024T15:32:18 - [TEST_STEP][PASSED] - navigateToUrl("https://www.google.com/"): Navigate to 'https://www.google.com/' successfully

16-01-2024T15:32:20 - [MESSAGE][PASSED] - Navigate to 'https://www.google.com/' successfully

16-01-2024T15:32:20 - [TEST_STEP][PASSED] - setText(findTestObject("Object Repository/Page_Google/textarea_q"), "Yahoo"): Text 'Yahoo' is set on object 'Object Repository/Page_Google/textarea_q'

16-01-2024T15:32:20 - [MESSAGE][PASSED] - Text 'Yahoo' is set on object 'Object Repository/Page_Google/textarea_q'

16-01-2024T15:32:20 - [TEST_STEP][PASSED] - click(findTestObject("Object Repository/Page_Google/span_Yahoo")): Object: 'Object Repository/Page_Google/span_Yahoo' is clicked on

16-01-2024T15:32:21 - [MESSAGE][PASSED] - Object: 'Object Repository/Page_Google/span_Yahoo' is clicked on

16-01-2024T15:32:21 - [TEST_STEP][PASSED] - click(findTestObject("Object Repository/Page_yahoo -  Google/h3_Yahoo  Mail, Weather, Search, Politics, _aabfff")): Object: 'Object Repository/Page_yahoo -  Google/h3_Yahoo  Mail, Weather, Search, Politics, _aabfff' is clicked on

16-01-2024T15:32:24 - [MESSAGE][PASSED] - Object: 'Object Repository/Page_yahoo -  Google/h3_Yahoo  Mail, Weather, Search, Politics, _aabfff' is clicked on

16-01-2024T15:32:24 - [TEST_STEP][PASSED] - setText(findTestObject("Object Repository/Page_Yahoo  Mail, Weather, Search, Politics_802e32/input_p"), "PBRU"): Text 'PBRU' is set on object 'Object Repository/Page_Yahoo  Mail, Weather, Search, Politics_802e32/input_p'

16-01-2024T15:32:38 - [MESSAGE][PASSED] - Text 'PBRU' is set on object 'Object Repository/Page_Yahoo  Mail, Weather, Search, Politics_802e32/input_p'

16-01-2024T15:32:38 - [TEST_STEP][PASSED] - click(findTestObject("Object Repository/Page_Yahoo  Mail, Weather, Search, Politics_802e32/buttonybar-search")): Object: 'Object Repository/Page_Yahoo  Mail, Weather, Search, Politics_802e32/buttonybar-search' is clicked on

16-01-2024T15:32:38 - [MESSAGE][PASSED] - Object: 'Object Repository/Page_Yahoo  Mail, Weather, Search, Politics_802e32/buttonybar-search' is clicked on

16-01-2024T15:32:38 - [TEST_STEP][PASSED] - click(findTestObject("Object Repository/Page_PBRU - Yahoo Search Results/a_reg.pbru.ac.th  register")): Object: 'Object Repository/Page_PBRU - Yahoo Search Results/a_reg.pbru.ac.th  register' is clicked on

16-01-2024T15:32:40 - [MESSAGE][PASSED] - Object: 'Object Repository/Page_PBRU - Yahoo Search Results/a_reg.pbru.ac.th  register' is clicked on

16-01-2024T15:32:40 - [TEST_STEP][PASSED] - closeBrowser(): Browser is closed

16-01-2024T15:32:41 - [MESSAGE][PASSED] - Browser is closed]]></system-out>
         <system-err><![CDATA[]]></system-err>
      </testcase>
      <testcase name="Test Cases/UC02-017/TC02 Search By Keyword - NPRU" time="6.034" classname="Test Cases/UC02-017/TC02 Search By Keyword - NPRU" status="PASSED">
         <system-out><![CDATA[16-01-2024T15:32:41 - [TEST_CASE][PASSED] - Test Cases/UC02-017/TC02 Search By Keyword - NPRU: Test Cases/UC02-017/TC02 Search By Keyword - NPRU

16-01-2024T15:32:41 - [TEST_STEP][PASSED] - openBrowser(""): Browser is opened with url: ''

16-01-2024T15:32:41 - [MESSAGE][INFO] - Starting 'Chrome' driver

16-01-2024T15:32:41 - [MESSAGE][INFO] - Action delay is set to 0 milliseconds

16-01-2024T15:32:41 - [MESSAGE][PASSED] - Browser is opened with url: ''

16-01-2024T15:32:41 - [TEST_STEP][PASSED] - navigateToUrl("https://www.google.com/"): Navigate to 'https://www.google.com/' successfully

16-01-2024T15:32:42 - [MESSAGE][PASSED] - Navigate to 'https://www.google.com/' successfully

16-01-2024T15:32:42 - [TEST_STEP][PASSED] - setText(findTestObject("Object Repository/Page_Google/textarea_q"), "npru"): Text 'npru' is set on object 'Object Repository/Page_Google/textarea_q'

16-01-2024T15:32:43 - [MESSAGE][PASSED] - Text 'npru' is set on object 'Object Repository/Page_Google/textarea_q'

16-01-2024T15:32:43 - [TEST_STEP][PASSED] - click(findTestObject("Object Repository/Page_Google/span_NPRU")): Object: 'Object Repository/Page_Google/span_NPRU' is clicked on

16-01-2024T15:32:43 - [MESSAGE][PASSED] - Object: 'Object Repository/Page_Google/span_NPRU' is clicked on

16-01-2024T15:32:43 - [TEST_STEP][PASSED] - click(findTestObject("Object Repository/Page_npru -  Google/h3_Nakhon Pathom Rajabhat")): Object: 'Object Repository/Page_npru -  Google/h3_Nakhon Pathom Rajabhat' is clicked on

16-01-2024T15:32:47 - [MESSAGE][PASSED] - Object: 'Object Repository/Page_npru -  Google/h3_Nakhon Pathom Rajabhat' is clicked on

16-01-2024T15:32:47 - [TEST_STEP][PASSED] - closeBrowser(): Browser is closed

16-01-2024T15:32:47 - [MESSAGE][PASSED] - Browser is closed]]></system-out>
         <system-err><![CDATA[]]></system-err>
      </testcase>
      <testcase name="Test Cases/UC02-017/TC03 Search By Keyword - KRU" time="29.869" classname="Test Cases/UC02-017/TC03 Search By Keyword - KRU" status="PASSED">
         <system-out><![CDATA[16-01-2024T15:32:47 - [TEST_CASE][PASSED] - Test Cases/UC02-017/TC03 Search By Keyword - KRU: Test Cases/UC02-017/TC03 Search By Keyword - KRU

16-01-2024T15:32:47 - [TEST_STEP][PASSED] - openBrowser(""): Browser is opened with url: ''

16-01-2024T15:32:47 - [MESSAGE][INFO] - Starting 'Chrome' driver

16-01-2024T15:32:47 - [MESSAGE][INFO] - Action delay is set to 0 milliseconds

16-01-2024T15:32:47 - [MESSAGE][PASSED] - Browser is opened with url: ''

16-01-2024T15:32:47 - [TEST_STEP][PASSED] - navigateToUrl("https://www.yahoo.com/"): Navigate to 'https://www.yahoo.com/' successfully

16-01-2024T15:33:11 - [MESSAGE][PASSED] - Navigate to 'https://www.yahoo.com/' successfully

16-01-2024T15:33:11 - [TEST_STEP][PASSED] - click(findTestObject("Object Repository/Page_Yahoo  Mail, Weather, Search, Politics_802e32/input_p")): Object: 'Object Repository/Page_Yahoo  Mail, Weather, Search, Politics_802e32/input_p' is clicked on

16-01-2024T15:33:12 - [MESSAGE][PASSED] - Object: 'Object Repository/Page_Yahoo  Mail, Weather, Search, Politics_802e32/input_p' is clicked on

16-01-2024T15:33:12 - [TEST_STEP][PASSED] - setText(findTestObject("Object Repository/Page_Yahoo  Mail, Weather, Search, Politics_802e32/input_p"), "KRU"): Text 'KRU' is set on object 'Object Repository/Page_Yahoo  Mail, Weather, Search, Politics_802e32/input_p'

16-01-2024T15:33:13 - [MESSAGE][PASSED] - Text 'KRU' is set on object 'Object Repository/Page_Yahoo  Mail, Weather, Search, Politics_802e32/input_p'

16-01-2024T15:33:13 - [TEST_STEP][PASSED] - doubleClick(findTestObject("Object Repository/Page_Yahoo  Mail, Weather, Search, Politics_802e32/buttonybar-search")): Object: 'Object Repository/Page_Yahoo  Mail, Weather, Search, Politics_802e32/buttonybar-search' is double clicked on

16-01-2024T15:33:14 - [MESSAGE][PASSED] - Object: 'Object Repository/Page_Yahoo  Mail, Weather, Search, Politics_802e32/buttonybar-search' is double clicked on

16-01-2024T15:33:14 - [TEST_STEP][PASSED] - click(findTestObject("Object Repository/Page_KRU - Yahoo Search Results/a_www.krurestaurant.comKru Contemporary Jap_3946b9")): Object: 'Object Repository/Page_KRU - Yahoo Search Results/a_www.krurestaurant.comKru Contemporary Jap_3946b9' is clicked on

16-01-2024T15:33:16 - [MESSAGE][PASSED] - Object: 'Object Repository/Page_KRU - Yahoo Search Results/a_www.krurestaurant.comKru Contemporary Jap_3946b9' is clicked on

16-01-2024T15:33:16 - [TEST_STEP][PASSED] - closeBrowser(): Browser is closed

16-01-2024T15:33:16 - [MESSAGE][PASSED] - Browser is closed]]></system-out>
         <system-err><![CDATA[]]></system-err>
      </testcase>
      <system-out><![CDATA[16-01-2024T15:31:27 - [TEST_SUITE][PASSED] - TS01 Search By Keyword: Test Cases/UC02-017/TC03 Search By Keyword - KRU]]></system-out>
      <system-err><![CDATA[]]></system-err>
   </testsuite>
</testsuites>
