<?xml version="1.0" encoding="UTF-8"?>
<testsuites name="Test Search By Keyword" time="127.966" tests="6" failures="0" errors="0">
   <testsuite name="Test Search By Keyword" tests="6" failures="0" errors="0" time="127.966" skipped="0" timestamp="16-01-2024T15:17:34" hostname="Administrator - 10.53.16.220" id="Test Suites/Test Search By Keyword">
      <properties>
         <property name="deviceName" value=""/>
         <property name="devicePlatform" value=""/>
         <property name="logFolder" value="C:\\Users\\Administrator\\Katalon Studio\\My First Web UI Project\\Reports\\25670116_151728\\Test Search By Keyword\\25670116_151729"/>
         <property name="logFiles" value="C:\\Users\\Administrator\\Katalon Studio\\My First Web UI Project\\Reports\\25670116_151728\\Test Search By Keyword\\25670116_151729\\execution0.log"/>
         <property name="attachments" value=""/>
         <property name="hostName" value="Administrator - 10.53.16.220"/>
         <property name="os" value="Windows 10 64bit"/>
         <property name="katalonVersion" value="9.2.0.212"/>
         <property name="browser" value="Chrome 119.0.0.0"/>
         <property name="hostAddress" value="10.53.16.220"/>
         <property name="sessionId" value="3e1bffebe6f8260deb8fbd630eef85a0"/>
         <property name="seleniumVersion" value="3.141.59"/>
         <property name="proxyInformation" value="ProxyInformation { proxyOption=NO_PROXY, proxyServerType=HTTP, username=, password=********, proxyServerAddress=, proxyServerPort=0, executionList=&quot;&quot;, isApplyToDesiredCapabilities=true }"/>
         <property name="platform" value="Windows 10"/>
      </properties>
      <testcase name="Test Cases/UC01-017/TC03 Search By Keyword - KRU" time="33.049" classname="Test Cases/UC01-017/TC03 Search By Keyword - KRU" status="PASSED">
         <system-out><![CDATA[16-01-2024T15:17:34 - [TEST_CASE][PASSED] - Test Cases/UC01-017/TC03 Search By Keyword - KRU: Test Cases/UC01-017/TC03 Search By Keyword - KRU

16-01-2024T15:17:34 - [TEST_STEP][PASSED] - openBrowser(""): Browser is opened with url: ''

16-01-2024T15:17:34 - [MESSAGE][INFO] - Starting 'Chrome' driver

16-01-2024T15:17:34 - [MESSAGE][INFO] - Action delay is set to 0 milliseconds

16-01-2024T15:17:35 - [MESSAGE][PASSED] - Browser is opened with url: ''

16-01-2024T15:17:35 - [TEST_STEP][PASSED] - navigateToUrl("https://www.yahoo.com/"): Navigate to 'https://www.yahoo.com/' successfully

16-01-2024T15:18:00 - [MESSAGE][PASSED] - Navigate to 'https://www.yahoo.com/' successfully

16-01-2024T15:18:00 - [TEST_STEP][PASSED] - click(findTestObject("Object Repository/Page_Yahoo  Mail, Weather, Search, Politics_802e32/input_p")): Object: 'Object Repository/Page_Yahoo  Mail, Weather, Search, Politics_802e32/input_p' is clicked on

16-01-2024T15:18:03 - [MESSAGE][PASSED] - Object: 'Object Repository/Page_Yahoo  Mail, Weather, Search, Politics_802e32/input_p' is clicked on

16-01-2024T15:18:03 - [TEST_STEP][PASSED] - setText(findTestObject("Object Repository/Page_Yahoo  Mail, Weather, Search, Politics_802e32/input_p"), "KRU"): Text 'KRU' is set on object 'Object Repository/Page_Yahoo  Mail, Weather, Search, Politics_802e32/input_p'

16-01-2024T15:18:04 - [MESSAGE][PASSED] - Text 'KRU' is set on object 'Object Repository/Page_Yahoo  Mail, Weather, Search, Politics_802e32/input_p'

16-01-2024T15:18:04 - [TEST_STEP][PASSED] - doubleClick(findTestObject("Object Repository/Page_Yahoo  Mail, Weather, Search, Politics_802e32/buttonybar-search")): Object: 'Object Repository/Page_Yahoo  Mail, Weather, Search, Politics_802e32/buttonybar-search' is double clicked on

16-01-2024T15:18:05 - [MESSAGE][PASSED] - Object: 'Object Repository/Page_Yahoo  Mail, Weather, Search, Politics_802e32/buttonybar-search' is double clicked on

16-01-2024T15:18:05 - [TEST_STEP][PASSED] - click(findTestObject("Object Repository/Page_KRU - Yahoo Search Results/a_www.krurestaurant.comKru Contemporary Jap_3946b9")): Object: 'Object Repository/Page_KRU - Yahoo Search Results/a_www.krurestaurant.comKru Contemporary Jap_3946b9' is clicked on

16-01-2024T15:18:07 - [MESSAGE][PASSED] - Object: 'Object Repository/Page_KRU - Yahoo Search Results/a_www.krurestaurant.comKru Contemporary Jap_3946b9' is clicked on

16-01-2024T15:18:07 - [TEST_STEP][PASSED] - closeBrowser(): Browser is closed

16-01-2024T15:18:07 - [MESSAGE][PASSED] - Browser is closed]]></system-out>
         <system-err><![CDATA[]]></system-err>
      </testcase>
      <testcase name="Test Cases/UC01-017/TC02 Search By Keyword - NPRU" time="5.855" classname="Test Cases/UC01-017/TC02 Search By Keyword - NPRU" status="PASSED">
         <system-out><![CDATA[16-01-2024T15:18:07 - [TEST_CASE][PASSED] - Test Cases/UC01-017/TC02 Search By Keyword - NPRU: Test Cases/UC01-017/TC02 Search By Keyword - NPRU

16-01-2024T15:18:07 - [TEST_STEP][PASSED] - openBrowser(""): Browser is opened with url: ''

16-01-2024T15:18:07 - [MESSAGE][INFO] - Starting 'Chrome' driver

16-01-2024T15:18:07 - [MESSAGE][INFO] - Action delay is set to 0 milliseconds

16-01-2024T15:18:08 - [MESSAGE][PASSED] - Browser is opened with url: ''

16-01-2024T15:18:08 - [TEST_STEP][PASSED] - navigateToUrl("https://www.google.com/"): Navigate to 'https://www.google.com/' successfully

16-01-2024T15:18:09 - [MESSAGE][PASSED] - Navigate to 'https://www.google.com/' successfully

16-01-2024T15:18:09 - [TEST_STEP][PASSED] - setText(findTestObject("Object Repository/Page_Google/textarea_q"), "npru"): Text 'npru' is set on object 'Object Repository/Page_Google/textarea_q'

16-01-2024T15:18:09 - [MESSAGE][PASSED] - Text 'npru' is set on object 'Object Repository/Page_Google/textarea_q'

16-01-2024T15:18:09 - [TEST_STEP][PASSED] - click(findTestObject("Object Repository/Page_Google/span_NPRU")): Object: 'Object Repository/Page_Google/span_NPRU' is clicked on

16-01-2024T15:18:10 - [MESSAGE][PASSED] - Object: 'Object Repository/Page_Google/span_NPRU' is clicked on

16-01-2024T15:18:10 - [TEST_STEP][PASSED] - click(findTestObject("Object Repository/Page_npru -  Google/h3_Nakhon Pathom Rajabhat")): Object: 'Object Repository/Page_npru -  Google/h3_Nakhon Pathom Rajabhat' is clicked on

16-01-2024T15:18:13 - [MESSAGE][PASSED] - Object: 'Object Repository/Page_npru -  Google/h3_Nakhon Pathom Rajabhat' is clicked on

16-01-2024T15:18:13 - [TEST_STEP][PASSED] - closeBrowser(): Browser is closed

16-01-2024T15:18:13 - [MESSAGE][PASSED] - Browser is closed]]></system-out>
         <system-err><![CDATA[]]></system-err>
      </testcase>
      <testcase name="Test Cases/UC01-017/TC01 Search By Keyword - PBRU" time="63.3" classname="Test Cases/UC01-017/TC01 Search By Keyword - PBRU" status="PASSED">
         <system-out><![CDATA[16-01-2024T15:18:13 - [TEST_CASE][PASSED] - Test Cases/UC01-017/TC01 Search By Keyword - PBRU: Test Cases/UC01-017/TC01 Search By Keyword - PBRU

16-01-2024T15:18:13 - [TEST_STEP][PASSED] - openBrowser(""): Browser is opened with url: ''

16-01-2024T15:18:13 - [MESSAGE][INFO] - Starting 'Chrome' driver

16-01-2024T15:18:13 - [MESSAGE][INFO] - Action delay is set to 0 milliseconds

16-01-2024T15:18:14 - [MESSAGE][PASSED] - Browser is opened with url: ''

16-01-2024T15:18:14 - [TEST_STEP][PASSED] - navigateToUrl("https://www.google.com/"): Navigate to 'https://www.google.com/' successfully

16-01-2024T15:18:14 - [MESSAGE][PASSED] - Navigate to 'https://www.google.com/' successfully

16-01-2024T15:18:14 - [TEST_STEP][PASSED] - setText(findTestObject("Object Repository/Page_Google/textarea_q"), "Yahoo"): Text 'Yahoo' is set on object 'Object Repository/Page_Google/textarea_q'

16-01-2024T15:18:15 - [MESSAGE][PASSED] - Text 'Yahoo' is set on object 'Object Repository/Page_Google/textarea_q'

16-01-2024T15:18:15 - [TEST_STEP][PASSED] - click(findTestObject("Object Repository/Page_Google/span_Yahoo")): Object: 'Object Repository/Page_Google/span_Yahoo' is clicked on

16-01-2024T15:18:16 - [MESSAGE][PASSED] - Object: 'Object Repository/Page_Google/span_Yahoo' is clicked on

16-01-2024T15:18:16 - [TEST_STEP][PASSED] - click(findTestObject("Object Repository/Page_yahoo -  Google/h3_Yahoo  Mail, Weather, Search, Politics, _aabfff")): Object: 'Object Repository/Page_yahoo -  Google/h3_Yahoo  Mail, Weather, Search, Politics, _aabfff' is clicked on

16-01-2024T15:18:47 - [MESSAGE][INFO] - Unable to find the element located by 'By.xpath: //div[@id='rso']/div/div/div/div/div/div/div/div/div/div/span/a/h3'. Please recheck the objects properties to make sure the desired element is located. 

16-01-2024T15:18:47 - [MESSAGE][WARNING] - [SELF-HEALING] Failed to find element with id 'Object Repository/Page_yahoo -  Google/h3_Yahoo  Mail, Weather, Search, Politics, _aabfff'. Try using Self-healing.

16-01-2024T15:18:47 - [MESSAGE][INFO] - [SELF-HEALING] Failed Locator: '//div[@id='rso']/div/div/div/div/div/div/div/div/div/div/span/a/h3'.

16-01-2024T15:18:47 - [MESSAGE][INFO] - [SELF-HEALING] Working Locator: '//h3'.

16-01-2024T15:18:47 - [MESSAGE][INFO] - [SELF-HEALING] Screenshot: C:/Users/Administrator/Katalon Studio/My First Web UI Project/Reports/Self-healing/Object Repository/Page_yahoo -  Google/h3_Yahoo  Mail, Weather, Search, Politics, _aabfff_position.png

16-01-2024T15:18:48 - [MESSAGE][WARNING] - [SELF-HEALING] The current locator of test object 'Object Repository/Page_yahoo -  Google/h3_Yahoo  Mail, Weather, Search, Politics, _aabfff' was broken. Propose an alternative one: '//h3'.

16-01-2024T15:18:49 - [MESSAGE][PASSED] - Object: 'Object Repository/Page_yahoo -  Google/h3_Yahoo  Mail, Weather, Search, Politics, _aabfff' is clicked on

16-01-2024T15:18:49 - [TEST_STEP][PASSED] - setText(findTestObject("Object Repository/Page_Yahoo  Mail, Weather, Search, Politics_802e32/input_p"), "PBRU"): Text 'PBRU' is set on object 'Object Repository/Page_Yahoo  Mail, Weather, Search, Politics_802e32/input_p'

16-01-2024T15:19:13 - [MESSAGE][PASSED] - Text 'PBRU' is set on object 'Object Repository/Page_Yahoo  Mail, Weather, Search, Politics_802e32/input_p'

16-01-2024T15:19:13 - [TEST_STEP][PASSED] - click(findTestObject("Object Repository/Page_Yahoo  Mail, Weather, Search, Politics_802e32/buttonybar-search")): Object: 'Object Repository/Page_Yahoo  Mail, Weather, Search, Politics_802e32/buttonybar-search' is clicked on

16-01-2024T15:19:14 - [MESSAGE][PASSED] - Object: 'Object Repository/Page_Yahoo  Mail, Weather, Search, Politics_802e32/buttonybar-search' is clicked on

16-01-2024T15:19:14 - [TEST_STEP][PASSED] - click(findTestObject("Object Repository/Page_PBRU - Yahoo Search Results/a_reg.pbru.ac.th  register")): Object: 'Object Repository/Page_PBRU - Yahoo Search Results/a_reg.pbru.ac.th  register' is clicked on

16-01-2024T15:19:16 - [MESSAGE][PASSED] - Object: 'Object Repository/Page_PBRU - Yahoo Search Results/a_reg.pbru.ac.th  register' is clicked on

16-01-2024T15:19:16 - [TEST_STEP][PASSED] - closeBrowser(): Browser is closed

16-01-2024T15:19:16 - [MESSAGE][PASSED] - Browser is closed]]></system-out>
         <system-err><![CDATA[]]></system-err>
      </testcase>
      <testcase name="Test Cases/UC02-017/TC01 Search By Keyword - PBRU" time="11.407" classname="Test Cases/UC02-017/TC01 Search By Keyword - PBRU" status="PASSED">
         <system-out><![CDATA[16-01-2024T15:19:16 - [TEST_CASE][PASSED] - Test Cases/UC02-017/TC01 Search By Keyword - PBRU: Test Cases/UC02-017/TC01 Search By Keyword - PBRU

16-01-2024T15:19:16 - [TEST_STEP][PASSED] - openBrowser(""): Browser is opened with url: ''

16-01-2024T15:19:16 - [MESSAGE][INFO] - Starting 'Chrome' driver

16-01-2024T15:19:16 - [MESSAGE][INFO] - Action delay is set to 0 milliseconds

16-01-2024T15:19:17 - [MESSAGE][PASSED] - Browser is opened with url: ''

16-01-2024T15:19:17 - [TEST_STEP][PASSED] - navigateToUrl("https://www.google.com/"): Navigate to 'https://www.google.com/' successfully

16-01-2024T15:19:18 - [MESSAGE][PASSED] - Navigate to 'https://www.google.com/' successfully

16-01-2024T15:19:18 - [TEST_STEP][PASSED] - setText(findTestObject("Object Repository/Page_Google/textarea_q"), "Yahoo"): Text 'Yahoo' is set on object 'Object Repository/Page_Google/textarea_q'

16-01-2024T15:19:18 - [MESSAGE][PASSED] - Text 'Yahoo' is set on object 'Object Repository/Page_Google/textarea_q'

16-01-2024T15:19:18 - [TEST_STEP][PASSED] - click(findTestObject("Object Repository/Page_Google/span_Yahoo")): Object: 'Object Repository/Page_Google/span_Yahoo' is clicked on

16-01-2024T15:19:19 - [MESSAGE][PASSED] - Object: 'Object Repository/Page_Google/span_Yahoo' is clicked on

16-01-2024T15:19:19 - [TEST_STEP][PASSED] - click(findTestObject("Object Repository/Page_yahoo -  Google/h3_Yahoo  Mail, Weather, Search, Politics, _aabfff")): Object: 'Object Repository/Page_yahoo -  Google/h3_Yahoo  Mail, Weather, Search, Politics, _aabfff' is clicked on

16-01-2024T15:19:22 - [MESSAGE][PASSED] - Object: 'Object Repository/Page_yahoo -  Google/h3_Yahoo  Mail, Weather, Search, Politics, _aabfff' is clicked on

16-01-2024T15:19:22 - [TEST_STEP][PASSED] - setText(findTestObject("Object Repository/Page_Yahoo  Mail, Weather, Search, Politics_802e32/input_p"), "PBRU"): Text 'PBRU' is set on object 'Object Repository/Page_Yahoo  Mail, Weather, Search, Politics_802e32/input_p'

16-01-2024T15:19:24 - [MESSAGE][PASSED] - Text 'PBRU' is set on object 'Object Repository/Page_Yahoo  Mail, Weather, Search, Politics_802e32/input_p'

16-01-2024T15:19:24 - [TEST_STEP][PASSED] - click(findTestObject("Object Repository/Page_Yahoo  Mail, Weather, Search, Politics_802e32/buttonybar-search")): Object: 'Object Repository/Page_Yahoo  Mail, Weather, Search, Politics_802e32/buttonybar-search' is clicked on

16-01-2024T15:19:25 - [MESSAGE][PASSED] - Object: 'Object Repository/Page_Yahoo  Mail, Weather, Search, Politics_802e32/buttonybar-search' is clicked on

16-01-2024T15:19:25 - [TEST_STEP][PASSED] - click(findTestObject("Object Repository/Page_PBRU - Yahoo Search Results/a_reg.pbru.ac.th  register")): Object: 'Object Repository/Page_PBRU - Yahoo Search Results/a_reg.pbru.ac.th  register' is clicked on

16-01-2024T15:19:28 - [MESSAGE][PASSED] - Object: 'Object Repository/Page_PBRU - Yahoo Search Results/a_reg.pbru.ac.th  register' is clicked on

16-01-2024T15:19:28 - [TEST_STEP][PASSED] - closeBrowser(): Browser is closed

16-01-2024T15:19:28 - [MESSAGE][PASSED] - Browser is closed]]></system-out>
         <system-err><![CDATA[]]></system-err>
      </testcase>
      <testcase name="Test Cases/UC02-017/TC02 Search By Keyword - NPRU" time="6.07" classname="Test Cases/UC02-017/TC02 Search By Keyword - NPRU" status="PASSED">
         <system-out><![CDATA[16-01-2024T15:19:28 - [TEST_CASE][PASSED] - Test Cases/UC02-017/TC02 Search By Keyword - NPRU: Test Cases/UC02-017/TC02 Search By Keyword - NPRU

16-01-2024T15:19:28 - [TEST_STEP][PASSED] - openBrowser(""): Browser is opened with url: ''

16-01-2024T15:19:28 - [MESSAGE][INFO] - Starting 'Chrome' driver

16-01-2024T15:19:28 - [MESSAGE][INFO] - Action delay is set to 0 milliseconds

16-01-2024T15:19:28 - [MESSAGE][PASSED] - Browser is opened with url: ''

16-01-2024T15:19:28 - [TEST_STEP][PASSED] - navigateToUrl("https://www.google.com/"): Navigate to 'https://www.google.com/' successfully

16-01-2024T15:19:29 - [MESSAGE][PASSED] - Navigate to 'https://www.google.com/' successfully

16-01-2024T15:19:29 - [TEST_STEP][PASSED] - setText(findTestObject("Object Repository/Page_Google/textarea_q"), "npru"): Text 'npru' is set on object 'Object Repository/Page_Google/textarea_q'

16-01-2024T15:19:30 - [MESSAGE][PASSED] - Text 'npru' is set on object 'Object Repository/Page_Google/textarea_q'

16-01-2024T15:19:30 - [TEST_STEP][PASSED] - click(findTestObject("Object Repository/Page_Google/span_NPRU")): Object: 'Object Repository/Page_Google/span_NPRU' is clicked on

16-01-2024T15:19:30 - [MESSAGE][PASSED] - Object: 'Object Repository/Page_Google/span_NPRU' is clicked on

16-01-2024T15:19:30 - [TEST_STEP][PASSED] - click(findTestObject("Object Repository/Page_npru -  Google/h3_Nakhon Pathom Rajabhat")): Object: 'Object Repository/Page_npru -  Google/h3_Nakhon Pathom Rajabhat' is clicked on

16-01-2024T15:19:34 - [MESSAGE][PASSED] - Object: 'Object Repository/Page_npru -  Google/h3_Nakhon Pathom Rajabhat' is clicked on

16-01-2024T15:19:34 - [TEST_STEP][PASSED] - closeBrowser(): Browser is closed

16-01-2024T15:19:34 - [MESSAGE][PASSED] - Browser is closed]]></system-out>
         <system-err><![CDATA[]]></system-err>
      </testcase>
      <testcase name="Test Cases/UC02-017/TC03 Search By Keyword - KRU" time="8.146" classname="Test Cases/UC02-017/TC03 Search By Keyword - KRU" status="PASSED">
         <system-out><![CDATA[16-01-2024T15:19:34 - [TEST_CASE][PASSED] - Test Cases/UC02-017/TC03 Search By Keyword - KRU: Test Cases/UC02-017/TC03 Search By Keyword - KRU

16-01-2024T15:19:34 - [TEST_STEP][PASSED] - openBrowser(""): Browser is opened with url: ''

16-01-2024T15:19:34 - [MESSAGE][INFO] - Starting 'Chrome' driver

16-01-2024T15:19:34 - [MESSAGE][INFO] - Action delay is set to 0 milliseconds

16-01-2024T15:19:34 - [MESSAGE][PASSED] - Browser is opened with url: ''

16-01-2024T15:19:34 - [TEST_STEP][PASSED] - navigateToUrl("https://www.yahoo.com/"): Navigate to 'https://www.yahoo.com/' successfully

16-01-2024T15:19:37 - [MESSAGE][PASSED] - Navigate to 'https://www.yahoo.com/' successfully

16-01-2024T15:19:37 - [TEST_STEP][PASSED] - click(findTestObject("Object Repository/Page_Yahoo  Mail, Weather, Search, Politics_802e32/input_p")): Object: 'Object Repository/Page_Yahoo  Mail, Weather, Search, Politics_802e32/input_p' is clicked on

16-01-2024T15:19:38 - [MESSAGE][PASSED] - Object: 'Object Repository/Page_Yahoo  Mail, Weather, Search, Politics_802e32/input_p' is clicked on

16-01-2024T15:19:38 - [TEST_STEP][PASSED] - setText(findTestObject("Object Repository/Page_Yahoo  Mail, Weather, Search, Politics_802e32/input_p"), "KRU"): Text 'KRU' is set on object 'Object Repository/Page_Yahoo  Mail, Weather, Search, Politics_802e32/input_p'

16-01-2024T15:19:39 - [MESSAGE][PASSED] - Text 'KRU' is set on object 'Object Repository/Page_Yahoo  Mail, Weather, Search, Politics_802e32/input_p'

16-01-2024T15:19:39 - [TEST_STEP][PASSED] - doubleClick(findTestObject("Object Repository/Page_Yahoo  Mail, Weather, Search, Politics_802e32/buttonybar-search")): Object: 'Object Repository/Page_Yahoo  Mail, Weather, Search, Politics_802e32/buttonybar-search' is double clicked on

16-01-2024T15:19:39 - [MESSAGE][PASSED] - Object: 'Object Repository/Page_Yahoo  Mail, Weather, Search, Politics_802e32/buttonybar-search' is double clicked on

16-01-2024T15:19:39 - [TEST_STEP][PASSED] - click(findTestObject("Object Repository/Page_KRU - Yahoo Search Results/a_www.krurestaurant.comKru Contemporary Jap_3946b9")): Object: 'Object Repository/Page_KRU - Yahoo Search Results/a_www.krurestaurant.comKru Contemporary Jap_3946b9' is clicked on

16-01-2024T15:19:42 - [MESSAGE][PASSED] - Object: 'Object Repository/Page_KRU - Yahoo Search Results/a_www.krurestaurant.comKru Contemporary Jap_3946b9' is clicked on

16-01-2024T15:19:42 - [TEST_STEP][PASSED] - closeBrowser(): Browser is closed

16-01-2024T15:19:42 - [MESSAGE][PASSED] - Browser is closed]]></system-out>
         <system-err><![CDATA[]]></system-err>
      </testcase>
      <system-out><![CDATA[16-01-2024T15:17:34 - [TEST_SUITE][PASSED] - Test Search By Keyword: Test Cases/UC02-017/TC03 Search By Keyword - KRU]]></system-out>
      <system-err><![CDATA[]]></system-err>
   </testsuite>
</testsuites>
