<?xml version="1.0" encoding="UTF-8"?>
<testsuites name="New Test Suite" time="1.606" tests="1" failures="0" errors="0">
   <testsuite name="New Test Suite" tests="1" failures="0" errors="0" time="1.606" skipped="0" timestamp="16-01-2024T14:07:29" hostname="Administrator - 10.53.16.220" id="Test Suites/New Test Suite">
      <properties>
         <property name="deviceName" value=""/>
         <property name="devicePlatform" value=""/>
         <property name="logFolder" value="C:\\Users\\Administrator\\Katalon Studio\\My First Web UI Project\\Reports\\25670116_140718\\New Test Suite\\25670116_140718"/>
         <property name="logFiles" value="C:\\Users\\Administrator\\Katalon Studio\\My First Web UI Project\\Reports\\25670116_140718\\New Test Suite\\25670116_140718\\execution0.log"/>
         <property name="attachments" value=""/>
         <property name="hostName" value="Administrator - 10.53.16.220"/>
         <property name="os" value="Windows 10 64bit"/>
         <property name="katalonVersion" value="9.2.0.212"/>
         <property name="browser" value="Chrome 119.0.0.0"/>
         <property name="hostAddress" value="10.53.16.220"/>
         <property name="sessionId" value="ca8abf6b4f5d7c3a25ad85898097a175"/>
         <property name="seleniumVersion" value="3.141.59"/>
         <property name="proxyInformation" value="ProxyInformation { proxyOption=NO_PROXY, proxyServerType=HTTP, username=, password=********, proxyServerAddress=, proxyServerPort=0, executionList=&quot;&quot;, isApplyToDesiredCapabilities=true }"/>
         <property name="platform" value="Windows 10"/>
      </properties>
      <testcase name="Test Cases/New Test Case" time="1.489" classname="Test Cases/New Test Case" status="PASSED">
         <system-out><![CDATA[16-01-2024T14:07:29 - [TEST_CASE][PASSED] - Test Cases/New Test Case: Test Cases/New Test Case

16-01-2024T14:07:29 - [TEST_STEP][PASSED] - openBrowser(""): Browser is opened with url: ''

16-01-2024T14:07:29 - [MESSAGE][INFO] - Starting 'Chrome' driver

16-01-2024T14:07:29 - [MESSAGE][INFO] - Action delay is set to 0 milliseconds

16-01-2024T14:07:30 - [MESSAGE][PASSED] - Browser is opened with url: ''

16-01-2024T14:07:30 - [TEST_STEP][PASSED] - closeBrowser(): Browser is closed

16-01-2024T14:07:30 - [MESSAGE][PASSED] - Browser is closed]]></system-out>
         <system-err><![CDATA[]]></system-err>
      </testcase>
      <system-out><![CDATA[16-01-2024T14:07:29 - [TEST_SUITE][PASSED] - New Test Suite: Test Cases/New Test Case]]></system-out>
      <system-err><![CDATA[]]></system-err>
   </testsuite>
</testsuites>
