<?xml version="1.0" encoding="UTF-8"?>
<testsuites name="Test Search By Keyword" time="49.634" tests="3" failures="0" errors="0">
   <testsuite name="Test Search By Keyword" tests="3" failures="0" errors="0" time="49.634" skipped="0" timestamp="16-01-2024T15:06:06" hostname="Administrator - 10.53.16.220" id="Test Suites/Test Search By Keyword">
      <properties>
         <property name="deviceName" value=""/>
         <property name="devicePlatform" value=""/>
         <property name="logFolder" value="C:\\Users\\Administrator\\Katalon Studio\\My First Web UI Project\\Reports\\25670116_150559\\Test Search By Keyword\\25670116_150600"/>
         <property name="logFiles" value="C:\\Users\\Administrator\\Katalon Studio\\My First Web UI Project\\Reports\\25670116_150559\\Test Search By Keyword\\25670116_150600\\execution0.log"/>
         <property name="attachments" value=""/>
         <property name="hostName" value="Administrator - 10.53.16.220"/>
         <property name="os" value="Windows 10 64bit"/>
         <property name="katalonVersion" value="9.2.0.212"/>
         <property name="browser" value="Chrome 119.0.0.0"/>
         <property name="hostAddress" value="10.53.16.220"/>
         <property name="sessionId" value="4eaafe981035c88406e4566a96716598"/>
         <property name="seleniumVersion" value="3.141.59"/>
         <property name="proxyInformation" value="ProxyInformation { proxyOption=NO_PROXY, proxyServerType=HTTP, username=, password=********, proxyServerAddress=, proxyServerPort=0, executionList=&quot;&quot;, isApplyToDesiredCapabilities=true }"/>
         <property name="platform" value="Windows 10"/>
      </properties>
      <testcase name="Test Cases/017/TC03 Search By Keyword - KRU" time="9.913" classname="Test Cases/017/TC03 Search By Keyword - KRU" status="PASSED">
         <system-out><![CDATA[16-01-2024T15:06:06 - [TEST_CASE][PASSED] - Test Cases/017/TC03 Search By Keyword - KRU: Test Cases/017/TC03 Search By Keyword - KRU

16-01-2024T15:06:06 - [TEST_STEP][PASSED] - openBrowser(""): Browser is opened with url: ''

16-01-2024T15:06:06 - [MESSAGE][INFO] - Starting 'Chrome' driver

16-01-2024T15:06:07 - [MESSAGE][INFO] - Action delay is set to 0 milliseconds

16-01-2024T15:06:08 - [MESSAGE][PASSED] - Browser is opened with url: ''

16-01-2024T15:06:08 - [TEST_STEP][PASSED] - navigateToUrl("https://www.yahoo.com/"): Navigate to 'https://www.yahoo.com/' successfully

16-01-2024T15:06:10 - [MESSAGE][PASSED] - Navigate to 'https://www.yahoo.com/' successfully

16-01-2024T15:06:10 - [TEST_STEP][PASSED] - click(findTestObject("Object Repository/Page_Yahoo  Mail, Weather, Search, Politics_802e32/input_p")): Object: 'Object Repository/Page_Yahoo  Mail, Weather, Search, Politics_802e32/input_p' is clicked on

16-01-2024T15:06:12 - [MESSAGE][PASSED] - Object: 'Object Repository/Page_Yahoo  Mail, Weather, Search, Politics_802e32/input_p' is clicked on

16-01-2024T15:06:12 - [TEST_STEP][PASSED] - setText(findTestObject("Object Repository/Page_Yahoo  Mail, Weather, Search, Politics_802e32/input_p"), "KRU"): Text 'KRU' is set on object 'Object Repository/Page_Yahoo  Mail, Weather, Search, Politics_802e32/input_p'

16-01-2024T15:06:13 - [MESSAGE][PASSED] - Text 'KRU' is set on object 'Object Repository/Page_Yahoo  Mail, Weather, Search, Politics_802e32/input_p'

16-01-2024T15:06:13 - [TEST_STEP][PASSED] - doubleClick(findTestObject("Object Repository/Page_Yahoo  Mail, Weather, Search, Politics_802e32/buttonybar-search")): Object: 'Object Repository/Page_Yahoo  Mail, Weather, Search, Politics_802e32/buttonybar-search' is double clicked on

16-01-2024T15:06:13 - [MESSAGE][PASSED] - Object: 'Object Repository/Page_Yahoo  Mail, Weather, Search, Politics_802e32/buttonybar-search' is double clicked on

16-01-2024T15:06:13 - [TEST_STEP][PASSED] - click(findTestObject("Object Repository/Page_KRU - Yahoo Search Results/a_www.krurestaurant.comKru Contemporary Jap_3946b9")): Object: 'Object Repository/Page_KRU - Yahoo Search Results/a_www.krurestaurant.comKru Contemporary Jap_3946b9' is clicked on

16-01-2024T15:06:16 - [MESSAGE][PASSED] - Object: 'Object Repository/Page_KRU - Yahoo Search Results/a_www.krurestaurant.comKru Contemporary Jap_3946b9' is clicked on

16-01-2024T15:06:16 - [TEST_STEP][PASSED] - closeBrowser(): Browser is closed

16-01-2024T15:06:16 - [MESSAGE][PASSED] - Browser is closed]]></system-out>
         <system-err><![CDATA[]]></system-err>
      </testcase>
      <testcase name="Test Cases/017/TC02 Search By Keyword - NPRU" time="5.759" classname="Test Cases/017/TC02 Search By Keyword - NPRU" status="PASSED">
         <system-out><![CDATA[16-01-2024T15:06:16 - [TEST_CASE][PASSED] - Test Cases/017/TC02 Search By Keyword - NPRU: Test Cases/017/TC02 Search By Keyword - NPRU

16-01-2024T15:06:16 - [TEST_STEP][PASSED] - openBrowser(""): Browser is opened with url: ''

16-01-2024T15:06:16 - [MESSAGE][INFO] - Starting 'Chrome' driver

16-01-2024T15:06:16 - [MESSAGE][INFO] - Action delay is set to 0 milliseconds

16-01-2024T15:06:17 - [MESSAGE][PASSED] - Browser is opened with url: ''

16-01-2024T15:06:17 - [TEST_STEP][PASSED] - navigateToUrl("https://www.google.com/"): Navigate to 'https://www.google.com/' successfully

16-01-2024T15:06:17 - [MESSAGE][PASSED] - Navigate to 'https://www.google.com/' successfully

16-01-2024T15:06:17 - [TEST_STEP][PASSED] - setText(findTestObject("Object Repository/Page_Google/textarea_q"), "npru"): Text 'npru' is set on object 'Object Repository/Page_Google/textarea_q'

16-01-2024T15:06:18 - [MESSAGE][PASSED] - Text 'npru' is set on object 'Object Repository/Page_Google/textarea_q'

16-01-2024T15:06:18 - [TEST_STEP][PASSED] - click(findTestObject("Object Repository/Page_Google/span_NPRU")): Object: 'Object Repository/Page_Google/span_NPRU' is clicked on

16-01-2024T15:06:19 - [MESSAGE][PASSED] - Object: 'Object Repository/Page_Google/span_NPRU' is clicked on

16-01-2024T15:06:19 - [TEST_STEP][PASSED] - click(findTestObject("Object Repository/Page_npru -  Google/h3_Nakhon Pathom Rajabhat")): Object: 'Object Repository/Page_npru -  Google/h3_Nakhon Pathom Rajabhat' is clicked on

16-01-2024T15:06:22 - [MESSAGE][PASSED] - Object: 'Object Repository/Page_npru -  Google/h3_Nakhon Pathom Rajabhat' is clicked on

16-01-2024T15:06:22 - [TEST_STEP][PASSED] - closeBrowser(): Browser is closed

16-01-2024T15:06:22 - [MESSAGE][PASSED] - Browser is closed]]></system-out>
         <system-err><![CDATA[]]></system-err>
      </testcase>
      <testcase name="Test Cases/017/TC01 Search By Keyword - PBRU" time="33.83" classname="Test Cases/017/TC01 Search By Keyword - PBRU" status="PASSED">
         <system-out><![CDATA[16-01-2024T15:06:22 - [TEST_CASE][PASSED] - Test Cases/017/TC01 Search By Keyword - PBRU: Test Cases/017/TC01 Search By Keyword - PBRU

16-01-2024T15:06:22 - [TEST_STEP][PASSED] - openBrowser(""): Browser is opened with url: ''

16-01-2024T15:06:22 - [MESSAGE][INFO] - Starting 'Chrome' driver

16-01-2024T15:06:22 - [MESSAGE][INFO] - Action delay is set to 0 milliseconds

16-01-2024T15:06:22 - [MESSAGE][PASSED] - Browser is opened with url: ''

16-01-2024T15:06:22 - [TEST_STEP][PASSED] - navigateToUrl("https://www.google.com/"): Navigate to 'https://www.google.com/' successfully

16-01-2024T15:06:23 - [MESSAGE][PASSED] - Navigate to 'https://www.google.com/' successfully

16-01-2024T15:06:23 - [TEST_STEP][PASSED] - setText(findTestObject("Object Repository/Page_Google/textarea_q"), "Yahoo"): Text 'Yahoo' is set on object 'Object Repository/Page_Google/textarea_q'

16-01-2024T15:06:24 - [MESSAGE][PASSED] - Text 'Yahoo' is set on object 'Object Repository/Page_Google/textarea_q'

16-01-2024T15:06:24 - [TEST_STEP][PASSED] - click(findTestObject("Object Repository/Page_Google/span_Yahoo")): Object: 'Object Repository/Page_Google/span_Yahoo' is clicked on

16-01-2024T15:06:25 - [MESSAGE][PASSED] - Object: 'Object Repository/Page_Google/span_Yahoo' is clicked on

16-01-2024T15:06:25 - [TEST_STEP][PASSED] - click(findTestObject("Object Repository/Page_yahoo -  Google/h3_Yahoo  Mail, Weather, Search, Politics, _aabfff")): Object: 'Object Repository/Page_yahoo -  Google/h3_Yahoo  Mail, Weather, Search, Politics, _aabfff' is clicked on

16-01-2024T15:06:51 - [MESSAGE][PASSED] - Object: 'Object Repository/Page_yahoo -  Google/h3_Yahoo  Mail, Weather, Search, Politics, _aabfff' is clicked on

16-01-2024T15:06:51 - [TEST_STEP][PASSED] - setText(findTestObject("Object Repository/Page_Yahoo  Mail, Weather, Search, Politics_802e32/input_p"), "PBRU"): Text 'PBRU' is set on object 'Object Repository/Page_Yahoo  Mail, Weather, Search, Politics_802e32/input_p'

16-01-2024T15:06:53 - [MESSAGE][PASSED] - Text 'PBRU' is set on object 'Object Repository/Page_Yahoo  Mail, Weather, Search, Politics_802e32/input_p'

16-01-2024T15:06:53 - [TEST_STEP][PASSED] - click(findTestObject("Object Repository/Page_Yahoo  Mail, Weather, Search, Politics_802e32/buttonybar-search")): Object: 'Object Repository/Page_Yahoo  Mail, Weather, Search, Politics_802e32/buttonybar-search' is clicked on

16-01-2024T15:06:53 - [MESSAGE][PASSED] - Object: 'Object Repository/Page_Yahoo  Mail, Weather, Search, Politics_802e32/buttonybar-search' is clicked on

16-01-2024T15:06:53 - [TEST_STEP][PASSED] - click(findTestObject("Object Repository/Page_PBRU - Yahoo Search Results/a_reg.pbru.ac.th  register")): Object: 'Object Repository/Page_PBRU - Yahoo Search Results/a_reg.pbru.ac.th  register' is clicked on

16-01-2024T15:06:55 - [MESSAGE][PASSED] - Object: 'Object Repository/Page_PBRU - Yahoo Search Results/a_reg.pbru.ac.th  register' is clicked on

16-01-2024T15:06:55 - [TEST_STEP][PASSED] - closeBrowser(): Browser is closed

16-01-2024T15:06:56 - [MESSAGE][PASSED] - Browser is closed]]></system-out>
         <system-err><![CDATA[]]></system-err>
      </testcase>
      <system-out><![CDATA[16-01-2024T15:06:06 - [TEST_SUITE][PASSED] - Test Search By Keyword: Test Cases/017/TC01 Search By Keyword - PBRU]]></system-out>
      <system-err><![CDATA[]]></system-err>
   </testsuite>
</testsuites>
